[    0.00000] Initiaizing cgroupsubsys cuset
[    0.000000 Initilizin cgrop subsys cpu
[    .000000 Initializig cgrup subsys cpuacct
[    0.000000] Linux vesion .4.0-35-geeric (buildd@lcy1-amd64-020) (gcc version 5..0 2060609 (Ubuntu 5..0-6uuntu1~16.0410) )#161-Ubuntu MP Mo Aug 27 1:45:0 UTC 2018 (Ubuntu 4.4.0-135.61-geeric .4.140)
[    0.000000]Commad lin: BOO_IMAGE=/bot/vmlnuz-4..0-135-eneric root=LABEL=cloudmg-rootfs ro console=tty1 console=ttyS0
[    0.00000] KEREL supported cpus:
[   0.000000]   Intel GenuineItel
[    0.0000]   AMD AuthenticAM
[    0.00000]  Centau CentaurHauls
[    0.00000] x86fpu: xstate_offset[2]:  576, xstate_sies[2]:  256
[    0.000000] 86/fpu: Supporting XSAVE feature 0x01: 'x87 floating point registers'
[    0.000000] x86/fpu: Supporting XSAVE feature 0x02: 'SSE registers'
[    0.000000] x86/fpu: Supporting XSAVE feature 0x04: 'AVX registers'
[    0.000000] x86/fpu: Enabled xstate features 0x7, context size is 832 bytes, using 'standard' format.
[    0.000000] e820: BIOS-provided physical RAM map:
[    0.000000] BIOS-e820: [mem 0x0000000000000000-0x000000000009fbff] usable
[    0.000000] BIOS-e820: [mem 0x000000000009fc00-0x000000000009ffff] reserved
[    0.000000] BIOS-e820: [mem 0x00000000000f0000-0x00000000000fffff] reserved
[    0.000000] BIOS-e820: [mem 0x0000000000100000-0x000000003ffeffff] usable
[    0.000000] BIOS-e820: [mem 0x000000003fff0000-0x000000003fffffff] ACPI data
[    0.000000] BIOS-e820: [mem 0x00000000fec00000-0x00000000fec00fff] reserved
[    0.000000] BIOS-e820: [mem 0x00000000fee00000-0x00000000fee00fff] reserved
[    0.000000] BIOS-e820: [mem 0x00000000fffc0000-0x00000000ffffffff] reserved
[    0.000000] NX (Execute Disable) protection: active
[    0.000000] SMBIOS 2.5 present.
[    0.000000] Hypervisor detected: KVM
[    0.000000] e820: last_pfn  00x3fff0 max_arch_pfn = 0x400000000
[    0.000000] MTRR: Disabled
[    0.000000] x86/PAT: MTRRs disabled, skipping PAT initialization too.
[    0.000000] CPU MTRRs all blank - virtualized system.
[    0.000000] x86/PAT: Configuration [0-7]: WB  WT  UC- UC  WB  WT  UC- UC  
[    0.000000] found SMP MP-table at [mem 0x0009fff0-0x0009ffff] mapped at [ffff88000009fff0]
[    0.000000] Scanning 1 areas for low memory corruption
[    0.000000] RAMDISK: [mem 0x3630a000-0x3717cfff]
[    0.000000] ACPI: Early table checksum verification disabled
[    0.000000] ACPI: RSDP 0x00000000000E0000 000024 (v02 VBOX  )
[    0.000000] ACPI: XSDT 0x000000003FFF0030 00003C (v01 VBOX   VBOXXSDT 00000001 ASL  00000061)
[    0.000000] ACPI: FACP 0x000000003FFF00F0 0000F4 (v04 VBOX   VBOXFACP 00000001 ASL  00000061)
[    0.00000 ACPI: DSDT 0x00000003FFF04770 0021FF (v02 VOX   VBXBOS 0000002 INTL 20100528)
[    .00000] ACPI: FACS 0x000000003FFF0200 00040
[    .00000] ACI: FACS 0x000000003FFF0200 00040
[    0.000000] CPI: PIC 0x00000003FFF0240 00005 (v0 VBOX  VBOAPIC 00000001 ASL  0000061)
[   0.00000] ACPI: SSDT 0x0000003FFF02A0 0001CC (v01 VBX   VBOXCUT 0000002 ITL 20100528)
[    0.000000] NoNUMA onfigurtion ound
[    0.00000] Fakig a nde at [mem 0x00000000000000-x00000003ffefff]
    000000] NODE_DATA(0)allocted [mem 0x3feb000-0xffeffff]
[    0.000000] kvm-clock: Usin msrs 4b54d01 nd 4b564d00
[    .00000] kv-clock: cpu 0, msr 0:3fe3001, primary cpu cloc
[    .00000] kvm-cock: uing sched ofset f 3675176423 cycles
[    0.00000] clcksouce: kvm-clock: mask: 0xffffffffffffff max_cycles: 0x1cd42e4dffb, max_idle_ns: 881590591483 ns
[    0.000000] Zone ranges:
[    0.000000]   DMA      [mem 0x0000000000001000-0x0000000000ffffff]
[    0.000000]   DMA32    [mem 0x0000000001000000-0x000000003ffeffff]
[    0.000000]   Normal   empty
[    0.000000]   Device   empty
[    0.000000] Movable zone start for each node
[    0.000000] Early memory node ranges
[    0.000000]   node   0: [mem 0x0000000000001000-0x000000000009efff]
[    0.000000]   node   0: [mem 0x0000000000100000-0x000000003ffeffff]
[    0.000000] Initmem setup node 0 [mem 0x0000000000001000-0x000000003ffeffff]
[    0.000000] ACPI: PM-Timer IO Port: 0x4008
    0.000000] IOAPIC[0]: apic_id 2, version 32, address 0xfec00000, GSI 0-23
[    0.000000] ACPI: INT_SRC_OVR (bus 0 bus_irq 0 global_irq 2 dfl dfl)
[    0.000000] ACPI: INT_SRC_OVR (bus 0 bus_irq 9 global_irq 9 low level)
[    0.000000] Using ACPI (MADT) for SMP configuration information
[    0.000000] smpboot: Allowing 2 CPUs, 0 hotplug CPUs
[    0.000000] PM: Registered nosave memory: [mem 0x00000000-0x00000fff]
[    0.000000] PM: Registered nosave memory: [mem 0x0009f000-0x0009ffff]
[    0.000000] PM: Registered nosave memory: [mem 0x000a0000-0x000effff]
[    0.000000] PM: Registered nosave memory: [mem 0x000f0000-0x000fffff]
[    0.000000] e820: [mem 04000000-0xfebffff] available for PCI devices
[    0.000000] Booting paravirtualized kernel on KVM
[    0.000000] clocksource: refined-jiffies: mask: 0xffffffff max_cycles: 0xffffffff, max_idle_ns: 7645519600211568 ns
[    0.000000] setup_percpu: NR_CPUS:512 nr_cpumask_bits:512 nr_cpu_ids:2 nr_node_ids:1
[    0.000000]PERCPU: Emedded 3 pages/cp @ffff8003fc0000 s9944 r8192 d31528 u1048576[    0.00000] PV qspinlck hash table entries:256 order: 0,4096 byes)
[    0.000000] Built 1 zonelists in Node order mobility rouping o.  Total pages: 257912
[    0.000000] Policy zone: DMA32
[    0.00000] Krnel commad line: BOOT_IMAGE=/boot/vmlnuz-4.4.0-15-generic root=LABE=cloudimg-rootfs ro consoletty1 consoe=ttyS0
[   0.000000] PD hash table entries: 4096 (order: 3,32768 byts)
[    0.000000] Memor: 99772K/1048120Kavaiable (855K kernel ode, 1314K rwdata, 4004K rodaa, 1516K init, 1316Kbss, 50400 reseved, 0K cma-resered)
[    0.000000] SLUB: HWalign=64, rder0-3, MinObjecs=0, CPUs=2, Nods=1
[    0.00000] Kerel/User page tables isolation:enabled
[    0.000000] Hierarchical RCU imlementation.
[    0.00000] 	Build-tme adjutment of leaf fanout to 4.
[    0.00000] 	RCU resricting CUs from NR_CPUS=512 to n_cpu_ids=.
[    0.000000] RCU: djusting gometry for rcu_fanout_leaf=64, nr_cpu_ids=2[    0.00000] NR_IRQS:33024 nr_irqs:40 16
[    0.00000] onsole: colour VGA+ 80x25
[    0.000000] console [tty1]enabled
[    0.000000] console [ttyS0] enabled
[    0.000000] tsc: Detected 2194.918 MHz processor
[    3.056975] Calibrating delay loop (skipped) preset value.. 4389.83 BogoMIPS (lpj=8779672)
[    3.059510] pid_max: default: 3768 minimum: 301
[    3.074113] ACPI: Core revision 20150930
[    3.076260] ACPI: 2 ACPI AML tables successfully acquired and loaded
[    3.078697] Security Framework initialized
[    3.080359] Yama: becoming mindful.
[    3.081702] AppArmor: AppArmor initialized
[    3.083146] Dentry cache hash table entries: 131072 (order: 8, 1048576 bytes)
[    3.087145] Inode-cache hash table entries: 65536 (order: 7, 524288 bytes)
[    3.089635] Mount-cachee hash table entries: 2048 (order: 2, 16384 bytes)
[    3.092014] Mountpoint-cache hash table entries: 2048 (order: 2, 16384 bytes)
[    3.094518] Initializing cgroup subsys io
[    3.096094] Initializing cgroup subsys memory
[    3.097693] Initializing cgroup subsys devices
[    3.099351] Initializing cgroup subsys freezer
[    3.100989] Initializing cgroup subsys net_cls
[    3.102721] Initializing cgroup subsys perf_event
[    3.104313] Initializing cgroup subsys net_prio
[    3.105936] Initializing cgroup subsys hugetlb
[    3.107415] Initializing cgroup subsys pids
[    3.109825] mce: CPU supports 0 MCE banks
[    3.111387] Last level iTLB entries: 4KB 1024, 2MB 1024, 4MB 1024
[    3.113548] Last level dTLB entries: 4KB 1024, 2MB 1024, 4MB 1024, 1GB 4
[    3.115995] Spectre V2 : Mitigation: Full generic retpoline
[    3.118152] Spectre V2 : Speculation control IBPB not-supported IBRS not-supported
[    3.120802] Speculative Store Bypass: Vulnerable
[    3.125380] Freeing SMP alternatives memory: 32K
[    3.134177] ftrace: allocating 32266 entries in 127 pages
[    3.190361] smpboot: APIC(0) Converting physical 0 to logical package 0
[    3.209142] smpboot: Max logical packages: 1
[    3.223413] x2apic enabled
[    3.245107] Switched APIC routing to physical x2apic.
[    3.251019] ..TIMER: vector=0x30 apic1=0 pin1=2 apic2=-1 pin2=-1
[    3.392673] smpboot: CPU0: Intel(R) Core(TM) i7-4770HQ CPU @ 2.20GHz (family: 0x6, model: 0x46, stepping: 0x1)
[    3.418653] Performance Events: unsupported p6 CPU model 70 no PMU driver, software events only.
[    3.448251] KVM setup paravirtual spinlock
[    3.462462] x86: Booting SMP configuration:
[    3.481568] .... node  #0, CPUs:      #1
[    3.490471] kvm-clock: cpu 1, msr 0:3ffe3041, secondary cpu clock
[    3.494889] mce: CPU supports 0 MCE banks
[    3.497856] x86: Booted up 1 node, 2 CPUs
[    3.505710] smpboot: Total of 2 processors activated (8779.67 BogoMIPS)
[    3.529871] devtmpfs: initialized
[    3.536230] evm: security.selinux
[    3.544840] evm: security.SMACK64
[    3.557521] evm: security.SMACK64EXEC
[    3.565959] evm: security.SMACK64TRANSMUTE
[    3.578848] evm: security.SMACK64MMAP
[    3.591273] evm: security.ima
[    3.601542] evm: security.capability
[    3.606212] clocksource: jiffies: mask: 0xffffffff max_cycles: 0xffffffff, max_idle_ns: 7645041785100000 ns
[    3.627204] futex hash table entries: 512 (order: 3, 32768 bytes)
[    3.637572] pinctrl core: initialized pinctrl subsystem
[    3.657886] RTC time: 18:49:59, date: 10/03/18
[    3.667205] NET: Registered protocol family 16
[    3.689787] cpuidle: using governor ladder
[    3.705437] cpuidle: using governor menu
[    3.710172] PCCT header not found.
[    3.717571] ACPI: bus type PCI registered
[    3.731813] acpiphp: ACPI Hot Plug PCI Controller Driver version: 0.5
[    3.747243] PCI: Using configuration type 1 for base access
[    3.771847] ACPI: Added _OSI(Module Device)
[    3.774911] ACPI: Added _OSI(Processor Device)
[    3.779436] ACPI: Added _OSI(3.0 _SCP Extensions)
[    3.793404] ACPI: Added _OSI(Processor Aggregator Device)
[    3.808542] ACPI: Executed 1 blocks of module-level executable AML code
[    3.818313] ACPI: Interpreter enabled
[    3.820451] ACPI: (supports S0 S5)
[    3.821989] ACPI: Using IOAPIC for interrupt routing
[    3.835291] PCI: Using host bridge windows from ACPI; if necessary, use "pci=nocrs" and report a bug
[    3.871816] ACPI: PCI Root Bridge [PCI0] (domain 0000 [bus 00-ff])
[    3.885872] acpi PNP0A03:00: _OSC: OS supports [ASPM ClockPM Segments MSI]
[    3.897420] acpi PNP0A03:00: _OSC: not requesting OS control; OS requires [ExtendedConfig ASPM ClockPM MSI]
[    3.924099] acpi PNP0A03:00: fail to add MMCONFIG information, can't access extended PCI configuration space under this bridge.
[    3.950706] PCI host bridge to bus 0000:00
[    3.957656] pci_bus 0000:00: root bus resource [io  0x0000-0x0cf7 window]
[    3.969865] pci_bus 0000:00: root bus resource [io  0x0d00-0xffff window]
[    3.993480] pci_bus 0000:00: root bus resource [mem 0x000a0000-0x000bffff window]
[    4.009913] pci_bus 0000:00: root bus resource [mem 0x40000000-0xfdffffff window]
[    4.029791] pci_bus 0000:00: root bus resource [bus 00-ff]
[    4.048971] pci 0000:00:01.1: legacy IDE quirk: reg 0x10: [io  0x01f0-0x01f7]
[    4.055501] pci 0000:00:01.1: legacy IDE quirk: reg 0x14: [io  0x03f6]
[    4.057399] pci 0000:00:01.1: legacy IDE quirk: reg 0x18: [io  0x0170-0x0177]
[    4.059420] pci 0000:00:01.1: legacy IDE quirk: reg 0x1c: [io  0x0376]
[    4.088206] pci 0000:00:07.0: quirk: [io  0x4000-0x403f] claimed by PIIX4 ACPI
[    4.110161] pci 0000:00:07.0: quirk: [io  0x4100-0x410f] claimed by PIIX4 SMB
[    4.126174] ACPI: PCI Interrupt Link [LNKA] (IRQs 5 9 10 *11)
[    4.137602] ACPI: PCI Interrupt Link [LNKB] (IRQs 5 9 *10 11)
[    4.146451] ACPI: PCI Interrupt Link [LNKC] (IRQs 5 *9 10 11)
[    4.150101] ACPI: PCI Interrupt Link [LNKD] (IRQs 5 9 10 *11)
[    4.157700] ACPI: Enabled 2 GPEs in block 00 to 07
[    4.162825] vgaarb: setting as boot device: PCI:0000:00:02.0
[    4.173344] vgaarb: device added: PCI:0000:00:02.0,decodes=io+mem,owns=io+mem,locks=none
[    4.183960] vgaarb: loaded
[    4.185060] vgaarb: bridge control possible 0000:00:02.0
[    4.186997] SCSI subsystem initialized
[    4.188643] ACPI: bus type USB registered
[    4.190120] usbcore: registered new interface driver usbfs
[    4.192059] usbcore: registered new interface driver hub
[    4.194007] usbcore: registered new device driver usb
[    4.197730] PCI: Using ACPI for IRQ routing
[    4.199863] NetLabel: Initializing
[    4.202166] NetLabel:  domain hash size = 128
[    4.203633] NetLabel:  protocols = UNLABELED CIPSOv4
[    4.206679] NetLabel:  unlabeled traffic allowed by default
[    4.208749] amd_nb: Cannot enumerate AMD northbridges
[    4.210539] clocksource: Switched to clocksource kvm-clock
[    4.221075] AppArmor: AppArmor Filesystem Enabled
[    4.223854] pnp: PnP ACPI init
[    4.226275] pnp: PnP ACPI: found 3 devices
[   4.2479] clocksource: acpi_pm: mask: 0xffffff max_ccles 0xffffff,max_idle_s: 2085701024 ns
[    4.406051 NET: Registeed protocol family 

[    4.473618] TCP establishe hash table entries 8192 (orde: 4, 65536 btes)
[    4.594405]TCP bind ash table enries 8192(order: 5, 131072 bytes)
[    4.714057 TCP: Hash tables configured(established 812 bind 8192)
[    4.782931] UDP hash table entries: 512 (order: 2, 1638 bytes)
[    4.807836] DP-Lte hash table entries: 512 (order: 2, 16384 bytes)
[    4.856052] NET Registered protocol fmily1
[    4.923867] pci 000:00:000: Lmiting diect PCI/PCI tansfers
[    5.035806] pc 0000:00:01.0: Activating ISA DMA hang workarounds
[    5.060433] Unpacking initramfs...

[    5.261624] Freeing initrd memory: 14796K
[    5.271377] platform rtc_cmos: registered platform RTC device (no PNP device found)
[    5.292753] Scanning for low memory corruption every 60 seconds
[    5.295795] audit: initializing netlink subsys (disabled)
[    5.297926] audit: type=2000 audit(1538592602.828:1): initialized
[    5.300408] Initialise system trusted keyring
[    5.302148] HugeTLB registered 2 MB page size, pre-allocated 0 pages
[    5.306470] zbud: loaded
[    5.308177] VFS: Disk quotas dquot_6.6.0
[    5.310039] VFS: Dquot-cache hash table entries: 512 (order 0, 4096 bytes)
[    5.313787] squashfs: version 4.0 (2009/01/31) Phillip Lougher
[    5.316610] fuse init (API version 7.23)
[    5.318309] Key type big_key registered
[    5.319806] Allocating IMA MOK and blacklist keyrings.
[    5.324145] Key type asymmetric registered
[    5.325711] Asymmetric key parser 'x509' registered
[    5.327528] Block layer SCSI generic (bsg) driver version 0.4 loaded (major 249)
[    5.330319] io scheduler noop registered
[    5.331756] io scheduler deadline registered (default)
[    5.333712] io scheduler cfq registered
[    5.335472] pci_hotplug: PCI Hot Plug PCI Core version: 0.5
[    5.337561] pciehp: PCI Express Hot Plug Controller Driver version: 0.4
[    5.340133] ACPI: AC Adapter [AC] (off-line)
[    5.341641] input: Power Button as /devices/LNXSYSTM:00/LNXPWRBN:00/input/input0
[    5.344470] ACPI: Power Button [PWRF]
[    5.346073] input: Sleep Button as /devices/LNXSYSTM:00/LNXSLPBN:00/input/input1
[    5.348672] ACPI: Sleep Button [SLPF]
[    5.350269] GHES: HEST is not enabled!
[    5.351937] ACPI: Battery Slot [BAT0] (battery present)
[    5.354578] Serial: 8250/16550 driver, 32 ports, IRQ sharing enabled
[    5.381561] 00:02: ttyS0 at I/O 0x3f8 (irq = 4, base_baud = 115200) is a 16550A
[    5.420427] Linux agpgart interface v0.103
[    5.444373] loop: module loaded
[    5.446033] scsi host0: ata_piix
[    5.447457] scsi host1: ata_piix
[    5.448544] ata1: PATA max UDMA/33 cmd 0x1f0 ctl 0x3f6 bmdma 0xd000 irq 14
[    5.450431] ata2: PATA max UDMA/33 cmd 0x170 ctl 0x376 bmdma 0xd008 irq 15
[    5.479391] libphy: Fixed MDIO Bus: probed
[    5.495349] tun: Universal TUN/TAP device driver, 1.6
[    5.511628] tun: (C) 1999-2004 Max Krasnyansky <maxk@qualcomm.com>
[    5.531725] PPP generic rive version 2.4.2
[    5.601899] ehci_hcd: USB 2.0 'Enhanced' Host Controller (EHCI) Driver
[    5.616012] ehci-pci: EHCI PCI platform driver
[    5.631446] ehci-platform: EHCI generic platform driver
[    5.647661] ohci_hcd: USB 1.1 'Open' Host Controller (OHCI) Driver
[    5.667405] ohci-pci: OHCI PCI platform driver
[    5.679829] ohci-platform: OHCI generic platform driver
[    5.702469] uhci_hcd: USB Universal Host Controller Interface driver
[    5.722990] i8042: PNP: PS/2 Controller [PNP0303:PS2K,PNP0f03:PS2M] at 0x60,0x64 irq 1,12
[    5.759677] serio: i042 KBD port at 0x6,0x6 irq 1
[    5.852569] serio: i842AUX port at 0x60,0x64 irq 12

[    5.899120] mouseev: PS/2 mouse device common forall mice

[    5.957702] input: AT Translated Set 2 keyboard as /devices/platform/i8042/serio0/input/input2
[    5.971952] rtc_cmos rtc_cmos: rtc core: registered rtc_cmos as rtc0
[    6.003697] rtc_cmos rtc_cmos: alarms up to one day, 114 bytes nvram
[    6.031686] i2c /dev entries driver
[    6.038866] device-mapper: uevent: version 1.0.3
[    6.02203] device-mapper: ioctl: 4.34.0-ioctl (2015-10-28) initialised: dm-devel@redhat.com

[    6.066968] ledtrig-cpu: registered to indicate activity on CPUs
[    6.069252] NET: Registered protocol family 10
[    6.070893] NET: Registered protocol family 17
[    6.076664] Key type dns_resolver registered
[    6.096135] registered taskstats version 1
[    6.107343] Loading compiled-in X.509 certificates
[    6.120318] Loaded X.509 cert 'Build time autogenerated kernel key: b7189ebc996fd79c52efc1226b6676b25e4f6a2d'
[    6.141074] zswap: loaded using pool lzo/zbud
[    6.157850] Key type trusted registered
[    6.180426] Key type encrypted registered
[    6.195109] AppArmor: AppArmor sha1 policy hashing enabled
[    6.211404] ima: No TPM chip found, activating TPM-bypass!
[    6.236788] ima: Allocated hash algorithm: sha1
[    6.255838] evm: HMAC attrs: 0x1
[    6.263321]   Magic number: 6:945:846
[    6.271584] tsc: Refined TSC clocksource calibration: 2194.581 MHz
[    6.296209] clocksource: tsc: mask: 0xffffffffffffffff max_cycles: 0x1fa233a043c, max_idle_ns: 440795223137 ns
[    6.305928] rtc_cmos rtc_cmos: setting system clock to 2018-10-03 18:50:01 UTC (1538592601)
[    6.308814] BIOS EDD facility v0.16 2004-Jun-25, 0 devices found
[    6.310580] EDD information not available.
[    6.333955] Freeing unused kernel memory: 1516K
[    6.371216] Write protecting the kernel read-only data: 14336k
[    6.380812] Freeing unused kernel memory: 1672K
[    6.400872] Freeing unused kernel memory: 92K
Loading, please wait...
starting version 229
[    6.420837] random: systemd-udevd: uninitialized urandom read (16 bytes read, 2 bits of entropy available)
[    6.421156] random: udevadm: uninitialized urandom read (16 bytes read, 2 bits of entropy available)
[    6.421175] random: udevadm: uninitialized urandom read (16 bytes read, 2 bits of entropy available)
[    6.430209] random: udevadm: uninitialized urandom read (16 bytes read, 2 bits of entropy available)
[    6.430245] random: udevadm: uninitialized urandom read (16 bytes read, 2 bits of entropy available)
[    6.430393] random: udevadm: uninitialized urandom read (16 bytes read, 2 bits of entropy available)
[    6.430435] random: udevadm: uninitialized urandom read (16 bytes read, 2 bits of entropy available)
[    6.430481] random: udevadm: uninitialized urandom read (16 bytes read, 2 bits of entropy available)
[    6.430531] random: udevadm: uninitialized urandom read (16 bytes read, 2 bits of entropy available)
[    6.430645] random: udevadm: uninitialized urandom read (16 bytes read, 2 bits of entropy available)
[    6.486388] e1000: Intel(R) PRO/1000 Network Driver - version 7.3.21-k8-NAPI
[    6.500502] e1000: Copyright (c) 1999-2006 Intel Corporation.
[    6.523378] Fusion MPT base driver 3.04.20
[    6.539580] Copyright (c) 1999-2008 LSI Corporation
[    6.550659] Fusion MPT SPI Host driver 3.04.20
[    6.564753] AVX2 version of gcm_enc/dec engaged.
[    6.572997] AES CTR mode by8 optimization enabled
[    6.803308] input: ImExPS/2 Generic Explorer Mouse as /devices/platform/i8042/serio1/input/input4
[    6.957276] e1000 0000:00:03.0 eth0: (PCI:33MHz:32-bit) 02:f9:a5:f1:f1:2b
[    6.971793] e1000 0000:00:03.0 eth0: Intel(R) PRO/1000 Network Connection
[    6.996292] mptbase: ioc0: Initiating bringup
[    6.996587] e1000 0000:00:03.0 enp0s3: renamed from eth0
[    7.083140] ioc0: LSI53C1030 A0: Capabilities={Initiator}
[    7.276130] scsi host2: ioc0: LSI53C1030 A0, FwRev=00000000h, Ports=1, MaxQ=256, IRQ=20
[    7.400176] scsi 2:0:0:0: Direct-Access     VBOX     HARDDISK         1.0  PQ: 0 ANSI: 5
[    7.408945] scsi target2:0:0: Beginning Domain Validation
[    7.439588] scsi target2:0:0: Domain Validation skipping write tests
[    7.444457] scsi target2:0:0: Ending Domain Validation
[    7.472830] scsi target2:0:0: asynchronous
[    7.494248] scsi 2:0:1:0: Direct-Access     VBOX     HARDDISK         1.0  PQ: 0 ANSI: 5
[    7.524190] scsi target2:0:1: Beginning Domain Validation
[    7.535319] scsi target2:0:1: Domain Validation skipping write tests
[    7.537380] scsi target2:0:1: Ending Domain Validation
[    7.539313] scsi target2:0:1: asynchronous
[    7.551696] sd 2:0:0:0: Attached scsi generic sg0 type 0
[    7.562618] sd 2:0:0:0: [sda] 20971520 512-byte logical blocks: (10.7 GB/10.0 GiB)
[    7.565657] sd 2:0:1:0: Attached scsi generic sg1 type 0
[    7.566078] sd 2:0:1:0: [sdb] 20480 512-byte logical blocks: (10.5 MB/10.0 MiB)
[    7.566441] sd 2:0:1:0: [sdb] Write Protect is off
[    7.566620] sd 2:0:1:0: [sdb] Incomplete mode parameter data
[    7.566621] sd 2:0:1:0: [sdb] Assuming drive cache: write through
[    7.570637] sd 2:0:0:0: [sda] Write Protect is off
[    7.570821] sd 2:0:0:0: [sda] Incomplete mode parameter data
[    7.570823] sd 2:0:0:0: [sda] Assuming drive cache: write through
[    7.573940]  sda: sda1
[    7.575979] sd 2:0:0:0: [sda] Attached SCSI disk
[    7.576342] sd 2:0:1:0: [sdb] Attached SCSI disk
Begin: Loading e[    8.892729] md: linear personality registered for level -1
ssential drivers ... [    8.905578] md: multipath personality registered for level -4
[    8.938449] md: raid0 personality registered for level 0
[    8.959037] md: raid1 personality registered for level 1
[    9.054828] raid6: sse2x1   gen() 10048 MB/s
[    9.131698] raid6: sse2x1   xor()  8078 MB/s
[    9.226851] raid6: sse2x2   gen() 12412 MB/s
[    9.331404] raid6: sse2x2   xor()  8374 MB/s
[    9.418682] raid6: sse2x4   gen() 13975 MB/s
[    9.508101] raid6: sse2x4   xor() 10697 MB/s
[    9.615297] raid6: avx2x1   gen() 19302 MB/s
[    9.711286] raid6: avx2x2   gen() 23574 MB/s
[    9.795189] raid6: avx2x4   gen() 24766 MB/s
[    9.799683] raid6: using algorithm avx2x4 gen() 24766 MB/s
[    9.801698] raid6: using avx2x2 recovery algorithm
[    9.805222] xor: automatically using best checksumming function:
[    9.847129]    avx       : 28643.000 MB/sec
[    9.872694] async_tx: api initialized (async)
[    9.910098] md: raid6 personality registered for level 6
[    9.952395] md: raid5 personality registered for level 5
[    9.982988] md: raid4 personality registered for level 4
[   10.008484] md: raid10 personality registered for level 10
done.
Begin: Running /scripts/init-premount ... done.
Begin: Mounting root file system ... Begin: Running /scripts/local-top ... done.
Begin: Running /scripts/local-premount ... [   10.074221] Btrfs loaded
Scanning for Btrfs filesystems
done.
Warning: fsck not present, so sk[   10.112160] EXT4-fs (sda1): mounted filesystem with ordered data mode. Opts: (null)
ipping root file system
done.
Begin: Running /scripts/local-bottom ... done.
Begin: Running /scripts/init-bottom ... done.
[   10.192012] systemd[1]: systemd 229 running in system mode. (+PAM +AUDIT +SELINUX +IMA +APPARMOR +SMACK +SYSVINIT +UTMP +LIBCRYPTSETUP +GCRYPT +GNUTLS +ACL +XZ -LZ4 +SECCOMP +BLKID +ELFUTILS +KMOD -IDN)
[   10.292116] systemd[1]: Detected virtualization oracle.
[   10.307693] systemd[1]: Detected architecture x86-64.

Welcome to [1mUbuntu 16.04.5 LTS[0m!

[   10.339588] systemd[1]: Set hostname to <ubuntu>.
[   10.347977] systemd[1]: Initializing machine ID from random generator.
[   10.359516] systemd[1]: Installed transient /etc/machine-id file.
[   10.496317] systemd[1]: Listening on Journal Audit Socket.
[[0;32m  OK  [0m] Listening on Journal Audit Socket.
[   10.500604] systemd[1]: Reached target Swap.
[[0;32m  OK  [0m] Reached target Swap.
[   10.511997] systemd[1]: Listening on LVM2 poll daemo sockt.

[[0;32m  OK  [0m] Listening on LVM2 poll daemon socket.
[   10.52050] systmd[1] Reached target Encrypted Volumes

[[0;32m  OK  [0m] Reached target Encrypted Volumes.
[   10.696589] systemd[1]: Created slice System Slice.
[[0;32m  OK  [0m] Created slice System Slice.
[   10.705114] systemd[1]: Listening on Syslog Socket.
[[0;32m  OK  [0m] Listening on Syslog Socket.
[   10.709297] systemd[1]: Listening on Journal Socket (/dev/log).
[[0;32m  OK  [0m] Listening on Journal Socket (/dev/log).
[   10.714000] systemd[1]: Reached target System Time Synchronized.
[[0;32m  OK  [0m] Reached target System Time Synchronized.
[   10.718444] systemd[1]: Reached target User and Group Name Lookups.
[[0;32m  OK  [0m] Reached target User and Group Name Lookups.
[   10.723560] systemd[1]: Created slice system-serial\x2dgetty.slice.
[[0;32m  OK  [0m] Created slice system-serial\x2dgetty.slice.
[   10.728051] systemd[1]: Listening on LVM2 metadata daemon socket.
[[0;32m  OK  [0m] Listening on LVM2 metadata daemon socket.
[   10.732831] systemd[1]: Listening on Device-mapper event daemon FIFOs.
[[0;32m  OK  [0m] Listening on Device-mapper event daemon FIFOs.
[   10.737578] systemd[1]: Created slice User and Session Slice.
[[0;32m  OK  [0m] Created slice User and Session Slice.
[   10.741883] systemd[1]: Reached target Slices.
[[0;32m  OK  [0m] Reached target Slices.
[   10.745576] systemd[1]: Listening on udev Kernel Socket.
[[0;32m  OK  [0m] Listening on udev Kernel Socket.
[   10.768076] sstemd[1]: Set upautomount Arbtrary Excutable File Formats File System utomount Point.

[[0;32m  OK  [0m] Set up automount Arbitrary Executab...ats File System Automount Point.
[   10.908844] systemd[1]: Started Forward Password Requests to Wall Directory Watch.
[[0;32m  OK  [0m] Started Forward Password Requests to Wall Directory Watch.
[   10.916135] systemd[1]: Listening on Journal Socket.
[[0;32m  OK  [0m] Listening on Journal Socket.
[   10.939641] systemd[1]: Starting Nameserver information manager...
         Starting Nameserver information manager...
[   10.976244] systemd[1]: Starting Create list of required static device nodes for the current kernel...
         Starting Create list of required st... nodes for the current kernel...
[   11.035244] systemd[1]: Starting Journal Service...
         Starting Journal Service...
[   11.045307] systemd[1]: Starting Remount Root and Kernel File Systems...
         Starting Remount[   11.054905] EXT4-fs (sda1): re-mounted. Opts: (null)
 Root and Kernel File Systems...
[   11.070358] systemd[1]: Mounting Huge Pages File System...
         Mounting Huge Pages File System...
[   11.074881] systemd[1]: Mounting Debug File System...
         Mounting Debug File System...
[   11.078944] systemd[1]: Starting Set console keymap...
         Starting Set console keymap...
[   11.088699] systemd[1]: Starting Load Kernel Modules...
         Starting Load Ke[   11.123598] Loading iSCSI transport class v2.0-870.
rnel Modules...
[   11.153425] iscsi: registered transport (tcp)
[   11.191004] systemd[1]: Starting Uncomplicated firewall...
[   11.221394] iscsi: registered trasport (iser

         Starting Uncomplicated firewall...
[   11.304526] systemd[1]: Mounting POSIX Message Queue File System...
         Mounting POSIX Message Queue File System...
[   11.347566] systemd[1]: Starting Monitoring of LVM2 mirrors, snapshots etc. using dmeventd or progress polling...
         Starting Monitoring of LVM2 mirrors... dmeventd or progress polling...
[   11.381560] systemd[1]: Started Trigger resolvconf update for networkd DNS.
[[0;32m  OK  [0m] Started Trigger resolvconf update for networkd DNS.
[   11.439861] systemd[1]: Listening on udev Control Socket.
[[0;32m  OK  [0m] Listening on udev Control Socket.
[   11.463600] systemd[1]: Listening on /dev/initctl Compatibility Named Pipe.
[[0;32m  OK  [0m] Listening on /dev/initctl Compatibility Named Pipe.
[   11.556478] systemd[1]: Mounted Huge Pages File System.
[[0;32m  OK  [0m] Mounted Huge Pages File System.
[   11.595811] systemd[1]: Mounted POSIX Message Queue File System.
[[0;32m  OK  [0m] Mounted POSIX Message Queue File System.
[   11.667355] systemd[1]: Mounted Debug File System.
[[0;32m  OK  [0m] Mounted Debug File System.
[   11.767819] systemd[1]: Started Journal Service.
[[0;32m  OK  [0m] Started Journal Service.
[[0;32m  OK  [0m] Started Create list of required sta...ce nodes for the current kernel.
[[0;32m  OK  [0m] Started Remount Root and Kernel File Systems.
[[0;32m  OK  [0m] Started Set console keymap.
[[0;32m  OK  [0m] Started Load Kernel Modules.
[[0;32m  OK  [0m] Started Uncomplicated firewall.
[[0;32m  OK  [0m] Started Nameserver information manager.
[   11.919835] random: nonblocking pool is initialized
[[0;32m  OK  [0m] Started LVM2 metadata daemon.
         Mounting FUSE Control File System...
         Starting Apply Kernel Variables...
         Starting Load/Save Random Seed...
         Starting udev Coldplug all Devices...
         Starting Create Static Device Nodes in /dev...
         Starting Flush Journal to Persistent Storage...
[[0;32m  OK  [0m] Mounted FUSE Control File System.
[[0;32m  OK  [0m] Started Apply Kernel Variables.
[[0;32m  OK  [0m] Started Load/Save Random Seed.
[[0;32m  OK  [0m] Started Create Static Device Nodes in /dev.
[[0;32m  OK  [0m] Started udev Coldplug all Devices.
[[0;32m  OK  [0m] Started Flush Journal to Persistent Storage.
         Starting udev Kernel Device Manager...
[[0;32m  OK  [0m] Started udev Kernel Device Manager.
[[0;32m  OK  [0m] Started Dispatch Password Requests to Console Directory Watch.
[[0;32m  OK  [0m] Found device /dev/ttyS0.
[[0;32m  OK  [0m] Listening on Load/Save RF Kill Switch Status /dev/rfkill Watch.
[[0;32m  OK  [0m] Started Monitoring of LVM2 mirrors,...ng dmeventd or progress polling.
[[0;32m  OK  [0m] Reached target Local File Systems (Pre).
[[0;32m  OK  [0m] Reached target Local File Systems.
         Starting LSB: AppArmor initialization...
         Starting Initial cloud-init job (pre-networking)...
         Starting Tell Plymouth To Write Out Runtime Data...
         Starting Set console font and keymap...
         Starting Commit a transient machine-id on disk...
         Starting Create Volatile Files and Directories...
[[0;32m  OK  [0m] Started Tell Plymouth To Write Out Runtime Data.
[[0;32m  OK  [0m] Started Create Volatile Files and Directories.
[[0;32m  OK  [0m] Started Commit a transient machine-id on disk.
         Starting Update UTMP about System Boot/Shutdown...
[[0;32m  OK  [0m] Started Update UTMP about System Boot/Shutdown.
[[0;32m  OK  [0m] Started Set console font and keymap.
[[0;32m  OK  [0m] Created slice system-getty.slice.
[    9.904318] cloud-init[594]: Cloud-init v. 18.3-9-g2e62cb8a-0ubuntu1~16.04.2 running 'init-local' at Wed, 03 Oct 2018 18:50:08 +0000. Up 9.55 seconds.
[[0;32m  OK  [0m] Started LSB: AppArmor initialization.
[[0;32m  OK  [0m] Started Initial cloud-init job (pre-networking).
[[0;32m  OK  [0m] Reached target Network (Pre).
         Starting Raise network interfaces...
[[0;32m  OK  [0m] Started Raise network interfaces.
[[0;32m  OK  [0m] Reached target Network.
         Starting Initial cloud-init job (metadata service crawler)...
[   11.037312] cloud-init[921]: Cloud-init v. 18.3-9-g2e62cb8a-0ubuntu1~16.04.2 running 'init' at Wed, 03 Oct 2018 18:50:09 +0000. Up 10.44 seconds.
[   11.068329] cloud-init[921]: ci-info: ++++++++++++++++++++++++++++++++++++++Net device info++++++++++++++++++++++++++++++++++++++
[   11.088229] cloud-init[921]: ci-info: +--------+------+----------------------------+---------------+--------+-------------------+
[   11.088842] cloud-init[921]: ci-info: | Device |  Up  |          Address           |      Mask     | Scope  |     Hw-Address    |
[   11.090847] cloud-init[921]: ci-info: +--------+------+----------------------------+---------------+--------+-------------------+
[   11.094323] cloud-init[921]: ci-info: | enp0s3 | True |         10.0.2.15          | 255.255.255.0 | global | 02:f9:a5:f1:f1:2b |
[   11.095454] cloud-init[921]: ci-info: | enp0s3 | True | fe80::f9:a5ff:fef1:f12b/64 |       .       |  link  | 02:f9:a5:f1:f1:2b |
[   11.101602] cloud-init[921]: ci-info: |   lo   | True |         127.0.0.1          |   255.0.0.0   |  host  |         .         |
[   11.105691] cloud-init[921]: ci-info: |   lo   | True |          ::1/128           |       .       |  host  |         .         |
[[0;32m  OK  [0m] Started Initial cloud-init job (metadata service crawler).
[   11.107232] cloud-init[921]: ci-info: +--------+------+----------------------------+---------------+--------+-------------------+
[   11.121367] cloud-init[921]: ci-info: +++++++++++++++++++++++++++Route IPv4 info++++++++++++++++++++++++++++
[   11.130826] cloud-init[921]: ci-info: +-------+-------------+----------+---------------+-----------+-------+
[   11.131890] cloud-init[921]: ci-info: | Route | Destination | Gateway  |    Genmask    | Interface | Flags |
[[0;32m  OK  [0m] Reached target Network is Online.
[   11.133525] cloud-init[921]: ci-info: +-------+-------------+----------+---------------+-----------+-------+
[   11.260393] cloud-init[921]: ci-info: |   0   |   0.0.0.0   | 10.0.2.2 |    0.0.0.0    |   enp0s3  |   UG  |
         Starting iSCSI initiator daemon (iscsid)...
[   11.260863] cloud-init[921]: ci-info: |   1   |   10.0.2.0  | 0.0.0.0  | 255.255.255.0 |   enp0s3  |   U   |
[[   11.323936] cloud-init[921]: ci-info: +-------+-------------+----------+---------------+-----------+-------+
[0;32m  OK  [0m] Reached target System Initialization.
[   11.325142] cloud-init[921]: ci-info: +++++++++++++++++++Route IPv6 info+++++++++++++++++++
[   11.335312] cloud-init[921]: ci-info: +-------+-------------+---------+-----------+-------+
[   11.335898] cloud-init[921]: ci-info: | Route | Destination | Gateway | Interface | Flags |
[   11.338422] cloud-init[921]: ci-info: +-------+-------------+---------+-----------+-------+
[   11.340198] cloud-init[921]: ci-info: |   0   |  fe80::/64  |    ::   |   enp0s3  |   U   |
[[0;32m  OK  [0m] Listening on ACPID Listen Socket.
[[   11.341878] cloud-init[921]: ci-info: |   3   |   ff00::/8  |    ::   |   enp0s3  |   U   |
[   11.421626] cloud-init[921]: ci-info: +-------+-------------+---------+-----------+-------+
[0;32m  OK  [0m] Started ACPI Events Check.
[[   11.422757] cloud-init[921]: Generating public/private rsa key pair.
[0;32m  OK  [0m] Reached target Paths.
[   11.554985] cloud-init[921]: Your identification has been saved in /etc/ssh/ssh_host_rsa_key.
[   11.593762] cloud-init[921]: Your public key has been saved in /etc/ssh/ssh_host_rsa_key.pub.
[[0;32m  OK  [0m] Started Daily apt download activities.
[   11.594308] cloud-init[921]: The key fingerprint is:
[   11.609638] cloud-init[921]: SHA256:9A3hfckvskUrmt9eRc5DwM14bYQq7YvqVobpXaS0ACo root@ubuntu-xenial
[   11.610379] cloud-init[921]: The key's randomart image is:
[   11.613290] cloud-init[921]: +---[RSA 2048]----+
[   11.615506] cloud-init[921]: |          . ..+oo|
[   11.616202] cloud-init[921]: |      .  . o +o=o|
[   11.617942] cloud-init[921]: |     . .. o...*o.|
[   11.618924] cloud-init[921]: |  E .  ...oo+o.* |
[   11.620698] cloud-init[921]: |   .    S=.*+ +.=|
[   11.621873] cloud-init[921]: |        o =oo= .o|
[   11.623478] cloud-init[921]: |       . +oo..  .|
[   11.624625] cloud-init[921]: |        o o... . |
[   11.625415] cloud-init[921]: |       oo.  ..o  |
[   11.627850] cloud-init[921]: +----[SHA256]-----+
[   11.628880] cloud-init[921]: Generating public/private dsa key pair.
[   11.631272] cloud-init[921]: Your identification has been saved in /etc/ssh/ssh_host_dsa_key.
[   11.632463] cloud-init[921]: Your public key has been saved in /etc/ssh/ssh_host_dsa_key.pub.
[   11.635790] cloud-init[921]: The key fingerprint is:
[   11.638177] cloud-init[921]: SHA256:xRvcZgLCzgV5orfwSCLzmv3w550lupa8ZFAAcc+mTMY root@ubuntu-xenial
[   11.639366] cloud-init[921]: The key's randomart image is:
[   11.642771] cloud-init[921]: +---[DSA 1024]----+
[   11.645154] cloud-init[921]: |  ooo.oo.        |
[   11.645660] cloud-init[921]: |   o ++.o+ .     |
[   11.646629] cloud-init[921]: |    E+=+  * +    |
[   11.648375] cloud-init[921]: |o .++++  . *     |
[   11.649523] cloud-init[921]: | + o+= .S .      |
[   11.651474] cloud-init[921]: |  . ..o          |
[   11.652672] cloud-init[921]: | +.  .o.. .      |
[   11.655967] cloud-init[921]: |o .o o=o +       |
[   11.657685] cloud-init[921]: |   .o+=oo        |
[   11.657845] cloud-init[921]: +----[SHA256]-----+
[   11.657928] cloud-init[921]: Generating public/private ecdsa key pair.
[[0;32m  OK  [0m] Started Daily apt upgrade and clean activities.
[   11.659399] cloud-init[921]: Your identification has been saved in /etc/ssh/ssh_host_ecdsa_key.
[   11.666163] cloud-init[921]: Your public key has been saved in /etc/ssh/ssh_host_ecdsa_key.pub.
[   11.669866] cloud-init[921]: The key fingerprint is:
[   11.671967] cloud-init[921]: SHA256:iWQAMghJyZmUnirABHtRlYRnY/cKQiHkn7MSUgPRTTs root@ubuntu-xenial
[   11.672663] cloud-init[921]: The key's randomart image is:
[   11.675211] cloud-init[921]: +---[ECDSA 256]---+
[   11.676537] cloud-init[921]: |#BX===o.         |
[   11.677144] cloud-init[921]: |o&.o+o* .        |
[   11.678519] cloud-init[921]: |= *.E+oo .       |
[   11.679310] cloud-init[921]: |.* o.=.. ..      |
[[0;32m  OK  [0m] Listening on UUID daemon activation socket.
[   11.681188] cloud-init[921]: |+ . +...S.       |
[   11.716207] cloud-init[921]: |o. . o  .        |
[   11.716866] cloud-init[921]:          |. . .            |
Starting Socket activation for snappy daemon.
         [   11.717386] cloud-init[921]: |   .             |
Starting LXD - unix socket.
[   11.769345] cloud-init[921]: |                 |
[   11.792525] cloud-init[921]: +----[SHA256]-----+
[[   11.793336] [0;32m  OK  [0mcloud-init] [921]: Started Daily Cleanup of Temporary Directories.Generating public/private ed25519 key pair.

[[   11.793933] cloud-init[921]: Your identification has been saved in /etc/ssh/ssh_host_ed25519_key.
[0;32m  OK  [0m] Listening on D-Bus System Message Bus Socket.
[   11.858614] cloud-init[921]: Your public key has been saved in /etc/ssh/ssh_host_ed25519_key.pub.
[   11.921602] cloud-init[921]: The key fingerprint is:
[[0;32m  OK  [0m] Reached target Timers.
[   11.922715] cloud-init[921]: SHA256:Q8BwgEA5QiVzm0VZzZudy/p/SQmNYyScSVUTYbwmah8 root@ubuntu-xenial
[[   11.971369] cloud-init[921]: The key's randomart image is:
[   11.972509] cloud-init[921]: +--[ED25519 256]--+
[0;32m  OK  [0m] Reached target Cloud-config availability.
[   11.973011] cloud-init[921]: |+*o++*=.o o.+.o*o|
[   12.080263] cloud-init[921]: |.o= +o.. o = ....|
[   12.101070] cloud-init[921]: |. .o    . + + o .|
[   12.102144] cloud-init[921]: |       . o o * + |
[[0;32m  OK  [0m] Listening on Socket activation for snappy daemon.
[[   12.104588] cloud-init[921]: |        S . + = .|
[0;32m  OK  [0m] Listening on LXD - unix socket.
[   12.132314] cloud-init[921]: |         . = E o |
[   12.156762] cloud-init[921]: |          o . o .|
[[0;32m  OK  [0m] Started iSCSI initiator daemon (iscsid).
[   12.157477] cloud-init[921]: |         .   . o |
[   12.213387] cloud-init[921]: |          .....  |
         Starting Login to default iSCSI targets...
[   12.214166] cloud-init[921]: +----[SHA256]-----+
[[0;32m  OK  [0m] Reached target Sockets.
[[0;32m  OK  [0m] Reached target Basic System.
         Starting LSB: Record successful boot for GRUB...
         Starting LSB: MD monitoring daemon...
         Starting Login Service...
[[0;32m  OK  [0m] Started Regular background program processing daemon.
         Starting Pollinate to seed the pseudo random number generator...
         Starting LXD - container startup/shutdown...
         Starting System Logging Service...
[[0;32m  OK  [0m] Started D-Bus System Message Bus.
[[0;32m  OK  [0m] Started FUSE filesystem for LXC.
[[0;32m  OK  [0m] Started Deferred execution scheduler.
         Starting Accounts Service...
[[0;32m  OK  [0m] Started ACPI event daemon.
[[0;32m  OK  [0m] Started Unattended Upgrades Shutdown.
         Starting /etc/rc.local Compatibility...
         Starting Virtualbox guest utils...
         Starting Snappy daemon...
[[0;32m  OK  [0m] Started System Logging Service.
[[0;32m  OK  [0m] Started LXD - container startup/shutdown.
[[0;32m  OK  [0m] Started /etc/rc.local Compatibility.
[[0;32m  OK  [0m] Started Login to default iSCSI targets.
[[0;32m  OK  [0m] Started LSB: MD monitoring daemon.
[[0;32m  OK  [0m] Started LSB: Record successful boot for GRUB.
[[0;32m  OK  [0m] Started Login Service.
[[0;32m  OK  [0m] Started Snappy daemon.
[[0;32m  OK  [0m] Started Virtualbox guest utils.
         Starting Wait until snapd is fully seeded...
         Starting Authenticate and Authorize Users to Run Privileged Tasks...
[[0;32m  OK  [0m] Reached target Remote File Systems (Pre).
[[0;32m  OK  [0m] Reached target Remote File Systems.
         Starting LSB: automatic crash report generation...
         Starting LSB: daemon to balance interrupts for SMP systems...
         Starting Permit User Sessions...
         Starting LSB: Set the CPU Frequency Scaling governor to "ondemand"...
[[0;32m  OK  [0m] Started Permit User Sessions.
[[0;32m  OK  [0m] Started Authenticate and Authorize Users to Run Privileged Tasks.
[[0;32m  OK  [0m] Started Accounts Service.
         Starting Hold until boot process finishes up...
         Starting Terminate Plymouth Boot Screen...
[[0;32m  OK  [0m] Started LSB: automatic crash report generation.
[[0;32m  OK  [0m] Started LSB: daemon to balance interrupts for SMP systems.
[[0;32m  OK  [0m] Started LSB: Set the CPU Frequency Scaling governor to "ondemand".
[[0;32m  OK  [0m] Started Hold until boot process finishes up.
[[0;32m  OK  [0m] Started Terminate Plymouth Boot Screen.
[[0;32m  OK  [0m] Started Serial Getty on ttyS0.
         Starting Set console scheme...
[[0;32m  OK  [0m] Started Getty on tty1.
[[0;32m  OK  [0m] Reached target Login Prompts.
[[0;32m  OK  [0m] Started Set console scheme.
[[0;32m  OK  [0m] Started Pollinate to seed the pseudo random number generator.
         Starting OpenBSD Secure Shell server...
[[0;32m  OK  [0m] Started OpenBSD Secure Shell server.
[[0;32m  OK  [0m] Created slice User Slice of vagrant.
         Starting User Manager for UID 1000...
[[0;32m  OK  [0m] Started User Manager for UID 1000.
[[0;32m  OK  [0m] Started Session 1 of user vagrant.
         Stopping User Manager for UID 1000...
[[0;32m  OK  [0m] Stopped User Manager for UID 1000.
[[0;32m  OK  [0m] Removed slice User Slice of vagrant.
[[0;32m  OK  [0m] Created slice User Slice of vagrant.
         Starting User Manager for UID 1000...
[[0;32m  OK  [0m] Started Session 2 of user vagrant.
[[0;32m  OK  [0m] Started User Manager for UID 1000.
[   18.620407] cloud-init[1524]: Generating locales (this might take a while)...

Ubuntu 16.04.5 LTS ubuntu-xenial ttyS0

ubuntu-xenial login: [   19.352215] cloud-init[1524]:   en_US.UTF-8... done
[   19.357181] cloud-init[1524]: Generation complete.
[   19.642904] cloud-init[1524]: Cloud-init v. 18.3-9-g2e62cb8a-0ubuntu1~16.04.2 running 'modules:config' at Wed, 03 Oct 2018 18:50:17 +0000. Up 18.50 seconds.
ci-info: no authorized ssh keys fingerprints found for user ubuntu.
<14>Oct  3 18:50:18 ec2: 
<14>Oct  3 18:50:18 ec2: #############################################################
<14>Oct  3 18:50:18 ec2: -----BEGIN SSH HOST KEY FINGERPRINTS-----
<14>Oct  3 18:50:18 ec2: 1024 SHA256:xRvcZgLCzgV5orfwSCLzmv3w550lupa8ZFAAcc+mTMY root@ubuntu-xenial (DSA)
<14>Oct  3 18:50:18 ec2: 256 SHA256:iWQAMghJyZmUnirABHtRlYRnY/cKQiHkn7MSUgPRTTs root@ubuntu-xenial (ECDSA)
<14>Oct  3 18:50:18 ec2: 256 SHA256:Q8BwgEA5QiVzm0VZzZudy/p/SQmNYyScSVUTYbwmah8 root@ubuntu-xenial (ED25519)
<14>Oct  3 18:50:18 ec2: 2048 SHA256:9A3hfckvskUrmt9eRc5DwM14bYQq7YvqVobpXaS0ACo root@ubuntu-xenial (RSA)
<14>Oct  3 18:50:18 ec2: -----END SSH HOST KEY FINGERPRINTS-----
<14>Oct  3 18:50:18 ec2: #############################################################
-----BEGIN SSH HOST KEY KEYS-----
ecdsa-sha2-nistp256 AAAAE2VjZHNhLXNoYTItbmlzdHAyNTYAAAAIbmlzdHAyNTYAAABBBOLl40TnaWTj662lK0UFlMa5NjiGwUXu/xs/CrFgKgLI1MVOZ94IIU+dQVP82oG4M6/B+Sr/l3HxZRyld56K39g= root@ubuntu-xenial
ssh-ed25519 AAAAC3NzaC1lZDI1NTE5AAAAIIsDmIiCu7a4Dh9zl+FsrbMpzYxHMmnDiljx9+TwHeCZ root@ubuntu-xenial
ssh-rsa AAAAB3NzaC1yc2EAAAADAQABAAABAQCmzGFjCpvx9sYSH3pbKXnpfY+r0MPs/lbB9yoxJO21t4J3myh/UUitIrh+YranVV4Lhh86tElkwYYDtnVR+t9CUi7xe7jtfPjn/zCrhqoLBV+YRftJxNgQLhaxAbKrWcegMN7zw9AnGFW7E833vvoADdMYmbPSaD1e3FG8ZGNpMzFWiTrujgmWO55FnIzTKw9Wh0458BG3y94AhGq0FoooSCgEmoXpiriMxU4e1BwkeoF0Feyb1UGLaC+ODeRbQcI073NTZ0HjLdhsqQ9RpFxpTPvxAaoZnabI2qdQwKrSOxu7U1COGf1NLPCGgHFK4DOgbBHGAG594AMQycvVzewZ root@ubuntu-xenial
-----END SSH HOST KEY KEYS-----
[   20.055745] cloud-init[1582]: Cloud-init v. 18.3-9-g2e62cb8a-0ubuntu1~16.04.2 running 'modules:final' at Wed, 03 Oct 2018 18:50:18 +0000. Up 19.92 seconds.
[   20.056504] cloud-init[1582]: ci-info: no authorized ssh keys fingerprints found for user ubuntu.
[   20.056608] cloud-init[1582]: Cloud-init v. 18.3-9-g2e62cb8a-0ubuntu1~16.04.2 finished at Wed, 03 Oct 2018 18:50:18 +0000. Datasource DataSourceNoCloud [seed=/dev/sdb][dsmode=net].  Up 20.04 seconds
