[   0.000000] Iniiaizing cgroup subsys cpuset
[    0.000000] Initializing cgroup subsys cpu
[    0.000000] Initializing cgroup subsys cpuacct
[    0.000000] Linux version 4.4.0-135-generic (buildd@lcy01-amd64-020) (gcc version 5.4.0 20160609 (Ubuntu 5.4.0-6ubuntu1~16.04.10) ) #161-Ubuntu SMP Mon Aug 27 10:45:01 UTC 2018 (Ubuntu 4.4.0-135.161-generic 4.4.140)
    0.000000] Command line: BOOT_IMAGE=/boot/vmlinuz-4.4.0-135-generic root=LABEL=cloudimg-rootfs ro console=tty1 console=ttyS0
[    0.000000] KERNEL suported cpus:
[    0.000000]   Intel GenuineIntel
[    0.000000]   AMD AuthenticAMD
[    0.000000]   Centaur CentaurHauls
[    0.000000] x86/fpu: xstate_offset[2]:  576, xstate_sizes[2]:  256
[    0.000000] x86/fpu: Supporting XSAVE feature 0x01: 'x87 floating point registers'
[    0.000000] x86/fpu: Supporting XSAVE feature 0x02: SSE registers'
[    0.000000] x86/fpu: Supporting XSAVE feature 0x04: 'AVX registers'
[    0.00000] x86/fpu: Enabled xstate features 0x7, context size is 832bytes, using 'standard' format.
[    0.0000] e820 BIOS-provided phsica RAM ap
[    000000]BIOS-e820: [mem 0x0000000000000000-0x000000000009fbff] usable
[    0.00000] BIOS-82: [mem 0x000000000009fc00-0x000000000009ffff] reserved
[    0.000000] BIOS-e820: [mem 0x00000000000f0000-0x00000000000fffff] reserved
[    0.000000] BIOS-e820: [em0x00000000010000-0000000003ffeffff]usable
[   0..00000] BIOS-e820 [mem 0x000000003fff0000-0x000000003fffffff] ACPI data
[   .000000] BIOS-e820: [mem 0x00000000fec00000-0000000ec00fff] reserved
[   .000000] BIOS-e820:[mm 0x00000000fee000000x0000000ee0fff] reserved
[   0.00000] BIS-e820: [mem 0x00000000fffc0000-0x00000000ffffffff] reserved
[    0.000000] NX (Execute Disable) protection: active
[    0.000000] SMBIOS 2.5 present.
[    0.000000] Hypervisor detected: KVM
[    0.000000] e820: last_pfn = 0x3fff0 max_arch_pfn = 0x400000000
[    0.000000] MTRR: Disabed
[    0.000000] x86/PAT: MRRs disabled, skipping PAT initialization too.
[    0.000000] CPU MTRRs all blank - virtualized system.
[    0.000000] x86/PAT: Cofiurtin [0-7]: WB  WT  UC- UC  WB  WT  UC-UC  
    0.000000] found SMP M-table t [mem 0x000ff0-0x009ffff] mapped t [ffff88000009fff0][    0.000000 Scannin1 areas forlow memory corruption
[   0.000000] RAMDISK: [mem0x630a000-0x377cff]
[   0.000000] ACPI: Early tble cheksum verification disabled
[   0.00000] ACPI: RSDP 0x00000000000000 0024 (v02 VBOX  )
[    00000] ACPI: XDT 0x000003FF0030 00003C (v01 VBOX   VBOXXSDT 00000001 ASL  00000061)
[   .00000]ACPI: AC 0000000003FF00F0 0000F4 (v0 VBOX  VBOXACP 0000001 ASL  00000061)
[    0.00000]CP:  DSDT 0x00000003FF0470 021F (v02 VBOX   VBOXBIOS 0000000 ITL 20100528)
[    0.00000] ACI: FACS 0x0000003FFF000 000040
[   0.000000] ACPI: FACS 0x000000003FFF020 000040
    .000000] ACPI: APIC 0x000000003FFF0240 00005C (v02 VBOX   VBOXAPIC 00000001 ASL  00000061)
[    0.000000] ACPI: SSDT 0x000000003FFF02A0 0001CCC (v01 VBOX   VBOXCPUT 00000002 INTL 20100528)
[    0000000] No NUMA configuration found
[    0.000000] Faking a node at [mem 0x0000000000000000-0x000000003ffeffff]
[    0.000000] NODE_DATA(0) allocated [mem 0x3ffeb000-0x3ffeffff]
[    0.000000] kvm-clock: Using msrs 4b564d01 and 4b564d00
[    0.000000] kvm-clock: cpu 0, msr 0:3ffe3001, primary cpu clock
[    0.000000] kvm-clock: using sched offset of 3550517590 cycles
[    0.000000] clocksource: vm-clock: mask: 0xffffffffffffffff max_cyles: 0x1cd42e4dffb,, max_idle_ns: 881590591483 ns
[    0.000000] Zone ranges:
[    0.000000]   DMA      [mem 0x0000000000001000-0x0000000000ffffff]
[    0.000000]   DMA32    [mem 0x0000000001000000-0x000000003ffeffff]
[    0.000000]   Normal   empty
[    0.000000]   Device   empty
[    0.000000] Movable zone start for each node
[    0.000000] Early memory node rage
[    0.000000]   node   0: [mem 0x000000000001000-0x000000000009efff]
[    0.000000]  node  0: me 0x0000000000100000-0x000000003ffeffff]
[    0.000000] Initmem stup ode 0 [mem 0x000000000000000-0x00000003ffeffff]
[    0.00000] ACP: PM-imer I Prt 0x4008
[    0.000000] IOAPIC[0]: apic_id 2, version 32, addres 0xfec0000, GSI 023
[    0.000000] ACPI: INT_SRC_OVR (bus 0 bus_irq 0 global_irq 2 dfl dfl)
[    0.000000] ACPI: INT_SRC_OVR (bus 0 bus_irq 9 global_irq 9 low level)
[    0.000000] Using ACPI (MADT) for SMP configuration information
[    0.000000] smpboot: Allowing 2 CPUs, 0 hotplug CPUs
[    0.000000] PM: Registered nosave memory: [mem 0x0000000-x00000fff]
[    0.000000 PM: egistere nosave memory: mem 0x0009f00-0x000ffff]
[    0.000000] PM Registered nosave memory: [mem 0x000a0000-0x000effff]
[    0.00000] PM:Registered nosvememory: [mem 0x000f000-0x000ffff]
[    0.00000]e820: [mm 0x40000000-febfffff] avalable forPCI devices
[    0.0000] Booting paravirtualized kernl on KVM
[    0.00000] clcksource: reined-jiffies: mask: 0xfffffffma_cycles: 0xfffffff, max_idle_ns: 76455196002118 ns
[    0.000000] setup_prcu: NR_CPUS:512nr_cpmask_its:12 nr_cpu_ids:2 nr_node_ids:1
[    0.000000] PERCPU: Embeded 34paes/cp @ffff8003fc0000 s9944 r8192d31528 u1048576
[    0.00000] PV qspinlock hash table entries: 256 (order: 0, 4096 bytes)
[    0.000000] Built 1 zonelists in Node order, mobility grouping on.  Total pages: 257912
[    0.000000] Policy zone: DMA32
[    0.000000] Kernel command line: BOOT_IMAGE=/boot/vmlinuz-4.4.0-135-generic root=ABEL=cloudimg-rootfs ro console=tty1 console=ttyS0
[    0.000000] PID hash table entries: 4096 (order: 3, 32768 bytes)
[    0.000000] Memory: 997720K/1048120K available (8554K kernel code, 1314K rwdata, 4004K rodata, 1516K init, 1316K bss, 50400K reserved, 0K cma-reserved)
[    0.000000] SLUB: HWalign=64, Order=0-3, MinObjects=0, CPUs=2, Nodes=1
[    0.000000] Kernel/User page tables isolation: enabled
[    0.000000] Hierarchical RCU implementation.
[    0.000000] 	Build-time adjustment of leaf fanout to 64.
[    0.000000] 	RCU restricting CPUs from NR_CPUS=512 to nr_cpu_ids=2.
[    0.000000] RCU: Ajusting geometry for rcu_fanout_leaf=64, nrcpu_ids=2
[    0.000000] NR_IRQS:33024 nr_irqs:440 16
[   0.000000] onsole: colour VGA+ 8025
[    0.00000] console [tty1] enabled
[    000000]cosole [ttyS0] enabled
[    0.000000] tsc: Detected 2194.918 MHz processor
[    3.441494] Calibrating delay loop (skipped) preset value.. 4389.83 BogoMIPS (lpj=8779672)
[    3.451010] pid_max: default: 32768 minimum: 301
[    3.453549] ACPI: Core revision 20150930
[    3.465312] ACPI: 2 ACPI AML tables successfully acquired and loaded
[    3.481222] Security Framework initialized
[    3.489328] Yama: becoming mindful.
[    3.493467] AppArmor: AppArmor initialized
[    3.505170] Dentry cache hash table entries: 131072 (order: 8, 1048576 bytes)
[    3.514606] Inode-cache hash table entries: 65536 (order: 7, 524288 bytes)
[    3.532893] Mount-cache hash table entries: 2048 (order: 2, 16384 bytes)
[    3.561034] Mountpoint-cache hash table entries: 2048 (order: 2, 16384 bytes)
[    3.569230] Initializing cgroup subsys io
[    3.584184] Initializing cgroup subsys memory
[    3.589595] Initializing cgroup subsys devices
[    3.591112] Initializing cgroup subsys freezer
[    3.594702] Initializing cgroup subsys net_cls
[    3.597408] Initializing cgroup subsys perf_event
[    3.601211] Initializing cgroup subsys net_prio
[    3.612660] Initializing cgroup subsys hugetlb
[    3.625364] Initializing cgroup subsys pids
[    3.638031] mce: CPU supports 0 MCE banks
[    3.641798] Last level iTLB entries: 4KB 1024, 2MB 1024, 4MB 1024
[    3.660503] Last level dTLB entries: 4KB 1024, 2MB 1024, 4MB 1024, 1GB 4
[    3.672939] Spectre V2 : Mitigation: Full generic retpoline
[    3.692808] Spectre V2 : Speculation control IBPB not-supported IBRS not-supported
[    3.709221] Speculative Store Bypass: Vulnerable
[    3.727786] Freeing SMP alternatives memory: 32K
[    3.747894] ftrace: allocating 32266 entries in 127 pages
[    3.806264] smpboot: APIC(0) Converting physical 0 to logical package 0
[    3.817244] smpboot: Max logical packages: 1
[    3.837398] x2apic enabled
[    3.844621] Switched APIC routing to physical x2apic.
[    3.847305] ..TIMER: vector=0x30 apic1=0 pin1=2 apic2=-1 pin2=-1
[    3.980176] smpboot: CPU0: Intel(R) Core(TM) i7-4770HQ CPU @ 2.20GHz (family: 0x6, model: 0x46, stepping: 0x1)
[    4.016455] Performance Events: unsupported p6 CPU model 70 no PMU driver, software events only.
[    4.035227] KVM setup paravirtual spinlock
[    4.037312] x86: Booting SMP configuration:
[    4.057304] .... node  #0, CPUs:      #1
[    4.065254] kvm-clock: cpu 1, msr 0:3ffe3041, secondary cpu clock
[    4.072627] mce: CPU supports 0 MCE banks
[    4.084378] x86: Booted up 1 node, 2 CPUs
[    4.094519] smpboot: Total of 2 processors activated (8779.67 BogoMIPS)
[    4.110743] devtmpfs: initialized
[    4.122407] evm: security.selinux
[    4.125611] evm: security.SMACK64
[    4.141091] evm: security.SMACK64EXEC
[    4.152520] evm: security.SMACK64TRANSMUTE
[    4.162215] evm: security.SMACK64MMAP
[    4.170213] evm: security.ima
[    4.176968] evm: security.capability
[    4.178647] clocksource: jiffies: mask: 0xffffffff max_cycles: 0xffffffff, max_idle_ns: 7645041785100000 ns
[    4.196943] futex hash table entries: 512 (order: 3, 32768 bytes)
[    4.222823] pinctrl core: initialized pinctrl subsystem
[    4.238540] RTC time:  5:01:22, date: 09/16/18
[    4.246702] NET: Registered protocol family 16
[    4.264767] cpuidle: using governor ladder
[    4.280855] cpuidle: using governor menu
[    4.285496] PCCT header not found.
[    4.304167] ACPI: bus type PCI registered
[    4.316669] acpiphp: ACPI Hot Plug PCI Controller Driver version: 0.5
[    4.326711] PCI: Using configuration type 1 for base access
[    4.349324] ACPI: Added _OSI(Module Device)
[    4.353299] ACPI: Added _OSI(Processor Device)
[    4.355100] ACPI: Added _OSI(3.0 _SCP Extensions)
[    4.357213] ACPI: Added _OSI(Processor Aggregator Device)
[    4.365584] ACPI: Executed 1 blocks of module-level executable AML code
[    4.371739] ACPI: Interpreter enabled
[    4.374200] ACPI: (supports S0 S5)
[    4.375389] ACPI: Using IOAPIC for interrupt routing
[    4.377349] PCI: Using host bridge windows from ACPI; if necessary, use "pci=nocrs" and report a bug
[    4.385414] ACPI: PCI Root Bridge [PCI0] (domain 0000 [bus 00-ff])
[    4.387301] acpi PNP0A03:00: _OSC: OS supports [ASPM ClockPM Segments MSI]
[    4.389506] acpi PNP0A03:00: _OSC: not requesting OS control; OS requires [ExtendedConfig ASPM ClockPM MSI]
[    4.392459] acpi PNP0A03:00: fail to add MMCONFIG information, can't access extended PCI configuration space under this bridge.
[    4.396430] PCI host bridge to bus 0000:00
[    4.397700] pci_bus 0000:00: root bus resource [io  0x0000-0x0cf7 window]
[    4.399933] pci_bus 0000:00: root bus resource [io  0x0d00-0xffff window]
[    4.403328] pci_bus 0000:00: root bus resource [mem 0x000a0000-0x000bffff window]
[    4.416843] pci_bus 0000:00: root bus resource [mem 0x40000000-0xfdffffff window]
[    4.437394] pci_bus 0000:00: root bus resource [bus 00-ff]
[    4.457041] pci 0000:00:01.1: legacy IDE quirk: reg 0x10: [io  0x01f0-0x01f7]
[    4.474091] pci 0000:00:01.1: legacy IDE quirk: reg 0x14: [io  0x03f6]
[    4.494212] pci 0000:00:01.1: legacy IDE quirk: reg 0x18: [io  0x0170-0x0177]
[    4.505698] pci 0000:00:01.1: legacy IDE quirk: reg 0x1c: [io  0x0376]
[    4.541067] pci 0000:00:07.0: quirk: [io  0x4000-0x403f] claimed by PIIX4 ACPI
[    4.558758] pci 0000:00:07.0: quirk: [io  0x4100-0x410f] claimed by PIIX4 SMB
[    4.579709] ACPI: PCI Interrupt Link [LNKA] (IRQs 5 9 10 *11)
[    4.587197] ACPI: PCI Interrupt Link [LNKB] (IRQs 5 9 *10 11)
[    4.609241] ACPI: PCI Interrupt Link [LNKC] (IRQs 5 *9 10 11)
[    4.614702] ACPI: PCI Interrupt Link [LNKD] (IRQs 5 9 10 *11)
[    4.630118] ACPI: Enabled 2 GPEs in block 00 to 07
[    4.644899] vgaarb: setting as boot device: PCI:0000:00:02.0
[    4.668763] vgaarb: device added: PCI:0000:00:02.0,decodes=io+mem,owns=io+mem,locks=none
[    4.697005] vgaarb: loaded
[    4.702575] vgaarb: bridge control possible 0000:00:02.0
[    4.711046] SCSI subsystem initialized
[    4.720743] ACPI: bus type USB registered
[    4.732828] usbcore: registered new interface driver usbfs
[    4.742520] usbcore: registered new interface driver hub
[    4.752677] usbcore: registered new device driver usb
[    4.770860] PCI: Using ACPI for IRQ routing
[    4.782169] NetLabel: Initializing
[    4.797950] NetLabel:  domain hash size = 128
[    4.812777] NetLabel:  protocols = UNLABELED CIPSOv4
[    4.836670] NetLabel:  unlabeled traffic allowed by default
[    4.861766] amd_nb: Cannot enumerate AMD northbridges
[    4.880691] clocksource: Switched to clocksource kvm-clock
[    4.914605] AppArmor:AppArmor Fileystem nable
[   5.13978] pnp: PnP ACPI init
[    5.06179] pnp: PnP CPI: found3 devices

[    5.13981] clocksour: acpi_pm: mask: 0xffff ma_cycles: xffffff, maxidle_ns: 085701024 ns
[    5.350169] NET: Registered protocol family 2
[    5.364848] TCP stablished ash table entries: 8192 (order: 4, 65536 bytes)
[    5.44764] TCP bind hash table entries: 8192 (order: 5, 131072 bytes)
[    5.471108] TCP: Hash tables configured (established 8192 bind 8192)
[    5.473092] UDP hsh table entries: 512 (order: 2, 16384 bytes)
[    5.500506] UDP-Lite hash table entries: 512 (order: 2, 16384 bytes)
[    5.502909] NET: Registered protocol family 1
[    5.504831] pci 0000:00:00.0: Limiting direct PCI/PCI transfers
[    5.506620] pci 0000:00:01.0: Activating ISA DMA hang workarounds
[    5.508775] Unpacking iniramfs...

[    5.741852] Freeing initrd memory: 14796K
[    5.764152] platform rtc_cmos: registered platform RTC device (no PNP device found)
[    5.816102] Scanning for low memory corruption every 60 seconds
[    5.822536] audit: initializing netlink subsys (disabled)
[    5.846107] audit: type=2000 audit(1537074085.208:1): initialized
[    5.904089] Initialise system trusted keyring
[    5.929381] HugeTLB registered 2 MB page size, pre-allocated 0 pages
[    5.957109] zbud: loaded
[    5.974412] VFS: Disk quotas dquot_6.6.0
[    5.999534] VFS: Dquot-cache hash table entries: 512 (order 0, 4096 bytes)
[    6.026531] squashfs: version 4.0 (2009/01/31) Phillip Lougher
[    6.039106] fuse init (API version 7.23)
[    6.053994] Key type big_key registered
[    6.060541] Allocating IMA MOK and blacklist keyrings.
[    6.116942] Key type asymmetric registered
[    6.118322] Asymmetric key parser 'x509' registered
[    6.119747] Block layer SCSI generic (bsg) driver version 0.4 loaded (major 249)
[    6.121801] io scheduler noop registered
[    6.122845] io scheduler deadline registered (default)
[    6.124191] io scheduler cfq registered
[    6.125353] pci_hotplug: PCI Hot Plug PCI Core version: 0.5
[    6.126685] pciehp: PCI Express Hot Plug Controller Driver version: 0.4
[    6.128739] ACPI: AC Adapter [AC] (on-line)
[    6.129966] input: Power Button as /devices/LNXSYSTM:00/LNXPWRBN:00/input/input0
[    6.131844] ACPI: Power Button [PWRF]
[    6.132898] input: Sleep Button as /devices/LNXSYSTM:00/LNXSLPBN:00/input/input1
[    6.134764] ACPI: Sleep Button [SLPF]
[    6.135963] GHES: HEST is not enabled!
[    6.137306] Serial: 8250/16550 driver, 32 ports, IRQ sharing enabled
[    6.193477] 00:02: ttyS0 at I/O 0x3f8 (irq = 4, base_baud = 115200) is a 16550A
[    6.194636] ACPI: Battery Slot [BAT0] (battery present)
[    6.235404] Linux agpgart interface v0.103
[    6.246964] loop: module loaded
[    6.248496] scsi host0: ata_piix
[    6.249686] scsi host1: ata_piix
[    6.250592] ata1: PATA max UDMA/33 cmd 0x1f0 ctl 0x3f6 bmdma 0xd000 irq 14
[    6.252171] ata2: PATA max UDMA/33 cmd 0x170 ctl 0x376 bmdma 0xd008 irq 15
[    6.254648] libphy: Fixed MDIO Bus: probed
[    6.266178] tun: Universal TUN/TAP device driver, 1.6
[    6.283626] tun: (C) 1999-2004 Max Krasnyansky <maxk@qualcomm.com>
[    6.324221] PPP generic driver version 2.4.2
[    6.354184] ehci_hcd: USB 2.0 'Enhanced' Host Controller (EHCI) Driver
[    6.400919] ehci-pci: EHCI PCI platform driver
[    6.404880] ehci-platform: EHCI generic platform driver
[    6.406262] ohci_hcd: USB 1.1 'Open' Host Controller (OHCI) Driver
[    6.424043] ohci-pci: OHCI PCI platform driver
[    6.439473] ohci-platform: OHCI generic platform driver
[    6.504320] uhci_hcd: USB Universal Host Controller Interface driver
[    6.523080] i8042: PNP: PS/2 Controller [PNP0303:PS2K,PNP0f03:PS2M] at 0x60,0x64 irq 1,12
[    6.540669] serio: i8042 KBD port at 0x60,0x64 irq 1
[    6.544711] serio: i8042 AUX port at 0x60,0x64 irq 12
[    6.564458] mousedev: PS/2 mouse device common for all mice
[    6.575881] rtc_cmos rtc_cmos: rtc core: registered rtc_cmos as rtc0
[    6.578204] input: AT Translated Set 2 keyboard as /devices/platform/i8042/serio0/input/input2
[    6.581218] rtc_cmos rtc_cmos: alarms up to one day, 114 bytes nvram
[    6.583244] i2c /dev entries driver
[    6.58695] device-mapper: uevent: version 1.0.3

[    6.611801] device-mapper: ioctl: 4.34.0-ioctl (2015-10-28) initialised: dm-devel@redhat.com
[    6.614716] ledtrig-cpu: registered to indicate activity on CPUs
[    6.617196] NET: Registered protocol family 10
[    6.621854] NET: Registered protocol family 17
[    6.623274] Key type dns_resolver registered
[    6.625274] registered taskstats version 1
[    6.626680] Loading compiled-in X.509 certificates
[    6.630932] Loaded X.509 cert 'Build time autogenerated kernel key: b7189ebc996fd79c52efc1226b6676b25e4f6a2d'
[    6.635402] zswap: loaded using pool lzo/zbud
[    6.638424] Key type trusted registered
[    6.642745] Key type encrypted registered
[    6.649907] AppArmor: AppArmor sha1 policy hashing enabled
[    6.670056] ima: No TPM chip found, activating TPM-bypass!
[    6.703929] ima: Allocated hash algorithm: sha1
[    6.726391] evm: HMC attrs: 0x1
[    6.61749] tsc: efned TSC clocksource calibration: 2193.149 MHz

[    6.761751] clocksource: tsc: mask: 0xffffffffffffffff max_cycles: 0x1f9ceacccc3, max_idle_ns: 440795237122 ns
[    6.866665]   Magic number: 2:709:11
[    6.876433] rtc_cmos rtc_cmos: seting sstem clockto 2018-09-6 05:01:25 UTC (1537074085)

[    6.985691] BIOS ED facility v.16 204-Jun-25,0 devices ound
[    7.06261]EDD information not available.
[    7.159571] Freeing unused kernel memory: 1516K
[    7.517126] Write protecting the kernel read-only data: 14336k
[    7.541910] Freeing unused kernel memory: 1672K
[    7.766174] Freeing unused kernel memory: 92K
Loading, please wait...
starting version[    7.784425] random: systemd-udevd: uninitialized urandom read (16 bytes read, 4 bits of entropy available)
 229
[    7.784608] random: udevadm: uninitialized urandom read (16 bytes read, 4 bits of entropy available)
[    7.784626] random: udevadm: uninitialized urandom read (16 bytes read, 4 bits of entropy available)
[    7.792279] random: udevadm: uninitialized urandom read (16 bytes read, 4 bits of entropy available)
[    7.792328] random: udevadm: uninitialized urandom read (16 bytes read, 4 bits of entropy available)
[    7.792583] random: udevadm: uninitialized urandom read (16 bytes read, 4 bits of entropy available)
[    7.792632] random: udevadm: uninitialized urandom read (16 bytes read, 4 bits of entropy available)
[    7.792678] random: udevadm: uninitialized urandom read (16 bytes read, 4 bits of entropy available)
[    7.792767] random: udevadm: uninitialized urandom read (16 bytes read, 4 bits of entropy available)
[    7.792818] random: udevadm: uninitialized urandom read (16 bytes read, 4 bits of entropy available)
[    8.102487] e1000: Intel(R) PRO/1000 Network Driver - version 7.3.21-k8-NAPI
[    8.114534] e1000: Copyright (c) 1999-2006 Intel Corporation.
[    8.140277] Fusion MPT base driver 3.04.20
[    8.152344] Copyright (c) 1999-2008 LSI Corporation
[    8.157163] AVX2 version of gcm_enc/dec engaged.
[    8.167612] AES CTR mode by8 optimization enabled
[    8.185193] Fusion MPT SPI Host driver 3.04.20
[    8.340977] input: ImExPS/2 Generic Explorer Mouse as /devices/platform/i8042/serio1/input/input4
[    8.538970] e1000 0000:00:03.0 eth0: (PCI:33MHz:32-bit) 02:f9:a5:f1:f1:2b
[    8.557963] e1000 0000:00:03.0 eth0: Intel(R) PRO/1000 Network Connection
[    8.584762] e1000 0000:00:03.0 enp0s3: renamed from eth0
[    8.617775] mptbase: ioc0: Initiating bringup
[    8.697131] ioc0: LSI53C1030 A0: Capabilities={Initiator}
[    8.880577] scsi host2: ioc0: LSI53C1030 A0, FwRev=00000000h, Ports=1, MaxQ=256, IRQ=20
[    9.006420] scsi 2:0:0:0: Direct-Access     VBOX     HARDDISK         1.0  PQ: 0 ANSI: 5
[    9.012011] scsi target2:0:0: Beginning Domain Validation
[    9.056492] scsi target2:0:0: Domain Validation skipping write tests
[    9.058012] scsi target2:0:0: Ending Domain Validation
[    9.059337] scsi target2:0:0: asynchronous
[    9.085117] scsi 2:0:1:0: Direct-Access     VBOX     HARDDISK         1.0  PQ: 0 ANSI: 5
[    9.100018] scsi target2:0:1: Beginning Domain Validation
[    9.109531] scsi target2:0:1: Domain Validation skipping write tests
[    9.139423] scsi target2:0:1: Ending Domain Validation
[    9.204449] scsi target2:0:1: asynchronous
[    9.242644] sd 2:0:0:0: Attached scsi generic sg0 type 0
[    9.242681] sd 2:0:0:0: [sda] 20971520 512-byte logical blocks: (10.7 GB/10.0 GiB)
[    9.242953] sd 2:0:0:0: [sda] Write Protect is off
[    9.243146] sd 2:0:0:0: [sda] Incomplete mode parameter data
[    9.243148] sd 2:0:0:0: [sda] Assuming drive cache: write through
[    9.245578]  sda: sda1
[    9.246491] sd 2:0:0:0: [sda] Attached SCSI disk
[    9.357046] sd 2:0:1:0: [sdb] 20480 512-byte logical blocks: (10.5 MB/10.0 MiB)
[    9.364772] sd 2:0:1:0: Attached scsi generic sg1 type 0
[    9.394630] sd 2:0:1:0: [sdb] Write Protect is off
[    9.399325] sd 2:0:1:0: [sdb] Incomplete mode parameter data
[    9.783831] sd 2:0:1:0: [sdb] Assuming drive cache: write through
[    9.887055] sd 2:0:1:0: [sdb] Attached SCSI disk
Begin: Loading essential drivers ... [   11.209707] md: linear personality registered for level -1
[   11.239521] md: multipath personality registered for level -4
[   11.270831] md: raid0 personality registered for level 0
[   11.276666] md: raid1 personality registered for level 1
[   11.348702] raid6: sse2x1   gen() 10321 MB/s
[   11.436929] raid6: sse2x1   xor()  8055 MB/s
[   11.508826] raid6: sse2x2   gen() 12433 MB/s
[   11.592741] raid6: sse2x2   xor()  8394 MB/s
[   11.668720] raid6: sse2x4   gen() 13684 MB/s
[   11.764714] raid6: sse2x4   xor() 10284 MB/s
[   11.844809] raid6: avx2x1   gen() 19742 MB/s
[   11.921007] raid6: avx2x2   gen() 21778 MB/s
[   12.016913] raid6: avx2x4   gen() 25967 MB/s
[   12.018509] raid6: using algorithm avx2x4 gen() 25967 MB/s
[   12.026905] raid6: using avx2x2 recovery algorithm
[   12.035383] xor: automatically using best checksumming function:
[   12.085053]    avx       : 30612.000 MB/sec
[   12.094500] async_tx: api initialized (async)
[   12.103958] md: raid6 personality registered for level 6
[   12.113573] md: raid5 personality registered for level 5
[   12.121098] md: raid4 personality registered for level 4
[   12.137088] md: raid10 personality registered for level 10
done.
Begin: Running /scripts/init-premount ... done.
Begin: Mounting root file system ... Begin: Running /scripts/local-top ... done.
Begin: Running /scripts/local-premount ... [   12.184381] Btrfs loaded
Scanning for Btrfs filesystems
done.
Warning: fsck not present, so skipping root file system
[   12.222362] EXT4-fs (sda1): mounted filesystem with ordered data mode. Opts: (null)
done.
Begin: Running /scripts/local-bottom ... done.
Begin: Running /scripts/init-bottom ... done.
[   12.335184] systemd[1]: systemd 229 running in system mode. (+PAM +AUDIT +SELINUX +IMA +APPARMOR +SMACK +SYSVINIT +UTMP +LIBCRYPTSETUP +GCRYPT +GNUTLS +ACL +XZ -LZ4 +SECCOMP +BLKID +ELFUTILS +KMOD -IDN)
[   12.339574] systemd[1]: Detected virtualization oracle.
[   12.340842] systemd[1]: Detected architecture x86-64.

Welcome to [1mUbuntu 16.04.5 LTS[0m!

[   12.345956] systemd[1]: Set hostname to <ubuntu>.
[   12.350733] systemd[1]: Initializing machine ID from random generator.
[   12.352290] systemd[1]: Installed transient /etc/machine-id file.
[   12.474008] systemd[1]: Listening on Journal Socket (/dev/log).
[[0;32m  OK  [0m] Listening on Journal Socket (/dev/log).
[   12.493613] systemd[1]: Listening on LVM2 poll daemon socket.
[[0;32m  OK  [0m] Listening on LVM2 poll daemon socket.
[   12.577799] systemd[1]: Created slice System Slice.
[[0;32m  OK  [0m] Created slice System Slice.
[   12.599382] systemd[1]: Created slice system-serial\x2dgetty.slice.
[[0;32m  OK  [0m] Created slice system-serial\x2dgetty.slice.
[   12.626971] systemd[1]: Reached target User and Group Name Lookups.
[[0;32m  OK  [0m] Reached target User and Group Name Lookups.
[   12.685043] systemd[1]: Listening on /dev/initctl Compatibility Named Pipe.
[[0;32m  OK  [0m] Listening on /dev/initctl Compatibility Named Pipe.
[   12.765389] systemd[1]: Listening on Journal Audit Socket.
[[0;32m  OK  [0m] Listening on Journal Audit Socket.
[   12.806278] systemd[1]: Created slice User and Session Slice.
[[0;32m  OK  [0m] Created slice User and Session Slice.
[   12.849412] systemd[1]: Listening on LVM2 metadata daemon socket.
[[0;32m  OK  [0m] Listening on LVM2 metadata daemon socket.
[   12.872928] systemd[1]: Started Forward Password Requests to Wall Directory Watch.
[[0;32m  OK  [0m] Started Forward Password Requests to Wall Directory Watch.
[   12.909772] systemd[1]: Listening on udev Kernel Socket.
[[0;32m  OK  [0m] Listening on udev Kernel Socket.
[   12.957782] systemd[1]: Listening on Device-mapper event daemon FIFOs.
[[0;32m  OK  [0m] Listening on Device-mapper event daemon FIFOs.
[   13.001294] systemd[1]: Reached target Swap.
[[0;32m  OK  [0m] Reached target Swap.
[   13.049486] systemd[1]: Listening on udev Control Socket.
[[0;32m  OK  [0m] Listening on udev Control Socket.
[   13.122083] systemd[1]: Listening on Journal Socket.
[[0;32m  OK  [0m] Listening on Journal Socket.
[   13.201483] systemd[1]: Mounting Debug File System...
         Mounting Debug File System...
[   13.258125] systemd[1]: Starting Remount Root and Kernel File Systems...
[   13.261866] EXT4-fs (sda1): re-mounted. Opts: (null)
         Starting Remount Root and Kernel File Systems...
[   13.304824] systemd[1]: Mounting POSIX Message Queue File System...
         Mounting POSIX Message Queue File System...
[   13.309786] systemd[1]: Starting Monitoring of LVM2 mirrors, snapshots etc. using dmeventd or progress polling...
         Starting Monitoring of LVM2 mirrors... dmeventd or progress polling...
[   13.322104] systemd[1]: Starting Nameserver information manager...
         Starting Nameserver information manager...
[   13.329702] systemd[1]: Mounting Huge Pages File System...
         Mounting Huge Pages File System...
[   13.334308] systemd[1]: Starting Create list of required static device nodes for the current kernel...
         Starting Create list of required st... nodes for the current kernel...
[   13.340920] systemd[1]: Reached target System Time Synchronized.
[[0;32m  OK  [0m] Reached target System Time Synchronized.
[   13.345976] systemd[1]: Reached target Encrypted Volumes.
[[0;32m  OK  [0m] Reached target Encrypted Volumes.
[   13.350418] systemd[1]: Starting Uncomplicated firewall...
         Starting Uncomplicated firewall...
[   13.356168] systemd[1]: Starting Set console keymap...
         Starting Set console keymap...
[   13.359895] systemd[1]: Listening on Syslog Socket.
[[0;32m  OK  [0m] Listening on Syslog Socket.
[   13.364912] systemd[1]: Starting Journal Service...
         Starting Journal Service...
[   13.367684] systemd[1]: Reached target Slices.
[[0;32m  OK  [0m] Reached target Slices.
[   13.376969] systemd[1]: Starting Load Kernel Modules...
         Starting Load Kernel Modules...
[   13.381634] systemd[1]: Set up automount Arbitrary Executable File Formats File System Automount Point.
[   13.384177] Loading iSCSI transport class v2.0-870.
[[0;32m  OK  [0m] Set up automount Arbitrary Executab...ats File System Automount Point.
[   13.401243] iscsi: registered transport (tcp)
[   13.411008] systemd[1]: Started Trigger resolvconf update for networkd DNS.
[[0;32m  OK  [0m] Started Trigger resolvconf update for networkd DNS.
[   13.439188] iscsi: registered transport (iser)
[   13.445515] systemd[1]: Mounted Huge Pages File System.
[[0;32m  OK  [0m] Mounted Huge Pages File System.
[   13.489609] systemd[1]: Mounted POSIX Message Queue File System.
[[0;32m  OK  [0m] Mounted POSIX Message Queue File System.
[   13.517289] systemd[1]: Mounted Debug File System.
[[0;32m  OK  [0m] Mounted Debug File System.
[   13.581703] systemd[1]: Started Journal Service.
[[0;32m  OK  [0m] Started Journal Service.
[[0;32m  OK  [0m] Started Remount Root and Kernel File Systems.
[[0;32m  OK  [0m] Started Create list of required sta...ce nodes for the current kernel.
[[0;32m  OK  [0m] Started Uncomplicated firewall.
[[0;32m  OK  [0m] Started Set console keymap.
[[0;32m  OK  [0m] Started Load Kernel Modules.
[[0;32m  OK  [0m] Started Nameserver information manager.
[[0;32m  OK  [0m] Started LVM2 metadata daemon.
         Mounting FUSE Control File System...
         Starting Apply Kernel Variables...
         Starting Create Static Device Nodes in /dev...
         Starting Load/Save Random Seed...
         Starting udev Coldplug all Devices...
         Starting Flush Journal to Persistent Storage...
[[0;32m  OK  [0m] Mounted FUSE Control File System.
[[0;32m  OK  [0m] Started Apply Kernel Variables.
[[0;32m  OK  [0m] Started Create Static Device Nodes in /dev.
[[0;32m  OK  [0m] Started Load/Save Random Seed.
[[0;32m  OK  [0m] Started udev Coldplug all Devices.
[[0;32m  OK  [0m] Started Flush Journal to Persistent Storage.
         Starting udev Kernel Device Manager...
[[0;32m  OK  [0m] Started udev Kernel Device Manager.
[[0;32m  OK  [0m] Started Dispatch Password Requests to Console Directory Watch.
[[0;32m  OK  [0m] Started Monitoring of LVM2 mirrors,...ng dmeventd or progress polling.
[[0;32m  OK  [0m] Reached target Local File Systems (Pre).
[[0;32m  OK  [0m] Reached target Local File Systems.
         Starting Set console font and keymap...
         Starting Tell Plymouth To Write Out Runtime Data...
         Starting Create Volatile Files and Directories...
         Starting Initial cloud-init job (pre-networking)...
         Starting LSB: AppArmor initialization...
         Starting Commit a transient machine-id on disk...
[[0;32m  OK  [0m] Started Tell Plymouth To Write Out Runtime Data.
[[0;32m  OK  [0m] Started Create Volatile Files and Directories.
[[0;32m  OK  [0m] Started Commit a transient machine-id on disk.
[[0;32m  OK  [0m] Found device /dev/ttyS0.
[   11.113262] cloud-init[514]: Cloud-init v. 18.3-9-g2e62cb8a-0ubuntu1~16.04.2 running 'init-local' at Sun, 16 Sep 2018 05:01:33 +0000. Up 10.81 seconds.
[[0;32m  OK  [0m] Started Initial cloud-init job (pre-networking).
[[0;32m  OK  [0m] Reached target Network (Pre).
[[0;32m  OK  [0m] Listening on Load/Save RF Kill Switch Status /dev/rfkill Watch.
         Starting Update UTMP about System Boot/Shutdown...
[[0;32m  OK  [0m] Started Update UTMP about System Boot/Shutdown.
[[0;32m  OK  [0m] Started Set console font and keymap.
[[0;32m  OK  [0m] Created slice system-getty.slice.
[[0;32m  OK  [0m] Started LSB: AppArmor initialization.
         Starting Raise network interfaces...
[[0;32m  OK  [0m] Started Raise network interfaces.
         Starting Initial cloud-init job (metadata service crawler)...
[[0;32m  OK  [0m] Reached target Network.
[   12.602531] cloud-init[919]: Cloud-init v. 18.3-9-g2e62cb8a-0ubuntu1~16.04.2 running 'init' at Sun, 16 Sep 2018 05:01:35 +0000. Up 12.15 seconds.
[   12.648286] [cloud-init[0;32m  OK  [0m[919]: ] ci-info: ++++++++++++++++++++++++++++++++++++++Net device info++++++++++++++++++++++++++++++++++++++Started Initial cloud-init job (metadata service crawler).

[   12.649157] cloud-init[919]: ci-info: +--------+------+----------------------------+---------------+--------+-------------------+
[   12.741826] [cloud-init[0;32m  OK  [0m[919]: ] ci-info: | Device |  Up  |          Address           |      Mask     | Scope  |     Hw-Address    |Reached target Network is Online.

[   12.780858]          cloud-initStarting iSCSI initiator daemon (iscsid)...[919]: 
ci-info: +--------+------+----------------------------+---------------+--------+-------------------+
[   12.860811] [[0;32m  OK  [0m] Reached target Cloud-config availability.
cloud-init[919]: [ci-info: | enp0s3 | True |         10.0.2.15          | 255.255.255.0 | global | 02:f9:a5:f1:f1:2b |[0;32m  OK  [0m
] Reached target System Initialization.
[   12.862419] cloud-init[919]: ci-info: | enp0s3 | True | fe80::f9:a5ff:fef1:f12b/64 |       .       |  link  | 02:f9:a5:f1:f1:2b |
[   12.993047]          cloud-initStarting LXD - unix socket.[919]: 
ci-info: |   lo   | True |         127.0.0.1          |   255.0.0.0   |  host  |         .         |
[   13.068701] [cloud-init[0;32m  OK  [0m[919]: ] ci-info: |   lo   | True |          ::1/128           |       .       |  host  |         .         |Started Daily apt download activities.

[[0;32m  OK  [0m] Started Daily apt upgrade and clean activities.
[   13.070222] cloud-init[919]: ci-info: +--------+------+----------------------------+---------------+--------+-------------------+
[   13.205164] [cloud-init[0;32m  OK  [0m[919]: ] ci-info: +++++++++++++++++++++++++++Route IPv4 info++++++++++++++++++++++++++++Started ACPI Events Check.

[   13.256974] [cloud-init[0;32m  OK  [0m[919]: ] ci-info: +-------+-------------+----------+---------------+-----------+-------+Reached target Paths.

[[0;32m  OK  [0m] Listening on D-Bus System Message Bus Socket.
[   13.258519] cloud-init[919]: ci-info: | Route | Destination | Gateway  |    Genmask    | Interface | Flags |
[[0;32m  OK  [0m] Started Daily Cleanup of Temporary Directories.
[[0;32m  OK  [0m] Reached target Timers.
[[0;32m  OK  [0m] Listening on ACPID Listen Socket.
[   13.310892] cloud-init[919]: ci-info: +-------+-------------+----------+---------------+-----------+-------+
[   13.455722]          Starting Socket activation for snappy daemon.
[[0;32m  OK  [0m] Listening on UUID daemon activation socket.
cloud-init[919]: ci-info: |   0   |   0.0.0.0   | 10.0.2.2 |    0.0.0.0    |   enp0s3  |   UG  |
[   13.464832] cloud-init[919]: ci-info: |   1   |   10.0.2.0  | 0.0.0.0  | 255.255.255.0 |   enp0s3  |   U   |
[   13.469101] cloud-init[919]: ci-info: +-------+-------------+----------+---------------+-----------+-------+
[   13.472857] cloud-init[919]: ci-info: +++++++++++++++++++Route IPv6 info+++++++++++++++++++
[   13.477946] cloud-init[919]: ci-info: +-------+-------------+---------+-----------+-------+
[   13.478598] cloud-init[919]: ci-info: | Route | Destination | Gateway | Interface | Flags |
[   13.480580] cloud-init[919]: ci-info: +-------+-------------+---------+-----------+-------+
[[0;32m  OK  [0m] Listening on LXD - unix socket.
[[0;32m  OK  [0m] Listening on Socket activation for snappy daemon.
[[0;32m  OK  [0m] Started iSCSI initiator daemon (iscsid).
[   13.480696] cloud-init[919]: ci-info: |   0   |  fe80::/64  |    ::   |   enp0s3  |   U   |
[   13.504944] cloud-init[919]: ci-info: |   3   |   ff00::/8  |    ::   |   enp0s3  |   U   |
[   13.516327] cloud-init[919]: ci-info: +-------+-------------+---------+-----------+-------+
         Starting Login to default iSCSI targets...
[[0;32m  OK  [0m] Reached target Sockets.
[   13.533179] cloud-init[919]: Generating public/private rsa key pair.
[   13.593096] cloud-init[919]: Your identification has been saved in /etc/ssh/ssh_host_rsa_key.
[[0;32m  OK  [0m] Reached target Basic System.
[   13.620480] cloud-init[919]: Your public key has been saved in /etc/ssh/ssh_host_rsa_key.pub.
[   13.645499]          Starting Pollinate to seed the pseudo random number generator...
cloud-init[919]: The key fingerprint is:         Starting LSB: MD monitoring daemon...
         Starting /etc/rc.local Compatibility...
         Starting Virtualbox guest utils...
[[0;32m  OK  [0m] Started D-Bus System Message Bus.

[   13.662726] cloud-init[919]: SHA256:LhYTnos2D656oAa0c6j2tuyUVCEhHXhpS4Xkugn1/54 root@ubuntu-xenial
[   13.667963] cloud-init[919]: The key's randomart image is:
[   13.671331] cloud-init[919]: +---[RSA 2048]----+
[   13.675693] cloud-init[919]: | .+=*o           |
[   13.678861] cloud-init[919]: | .oB. .          |
[   13.688410] cloud-init[919]: |  =....          |
[   13.697491]          Starting LXD - container startup/shutdown...
[[0;32m  OK  [0m] Started Unattended Upgrades Shutdown.
         Starting Login Service...
cloud-init[919]: | o.o.. o         |
[[0;32m  OK  [0m] Started ACPI event daemon.
[   13.705652] cloud-init[919]: |o.o.. = S        |         Starting Snappy daemon...
[[0;32m  OK  [0m] Started FUSE filesystem for LXC.

[   13.716610]          cloud-initStarting System Logging Service...[919]: 
|+++..o =         |
[   13.726027]          Starting LSB: Record successful boot for GRUB...
         Starting Accounts Service...
[[0;32m  OK  [0m] Started Deferred execution scheduler.
[[0;32m  OK  [0m] Started Regular background program processing daemon.
[[0;32m  OK  [0m] Started /etc/rc.local Compatibility.
cloud-init[919]: |++oo= = .        |
[   13.739782] cloud-init[919]: |oo++ = o .       |
[   13.760767] cloud-init[919]: |+o=*o ..E        |
[   13.772405] cloud-init[919]: +----[SHA256]-----+
[   13.788566] cloud-init[[0;32m  OK  [0m] Started System Logging Service.
[919]: Generating public/private dsa key pair.
[   13.824995] [[0;32m  OK  [0m] Started Login to default iSCSI targets.
cloud-init[919]: Your identification has been saved in /etc/ssh/ssh_host_dsa_key.
[   13.831714] cloud-init[919]: Your public key has been saved in /etc/ssh/ssh_host_dsa_key.pub.
[[0;32m  OK  [0m] Started LSB: MD monitoring daemon.
[   13.851965] cloud-init[919]: The key fingerprint is:
[[0;32m  OK  [0m] Reached target Remote File Systems (Pre).
[[0;32m  OK  [0m] Reached target Remote File Systems.
[   13.855772] cloud-init[919]: SHA256:sTCJxiId1G1q/6TVsBKJydUBvxQoMdyzPMdNh7zroo8 root@ubuntu-xenial
         Starting Permit User Sessions...
         Starting LSB: automatic crash report generation...
         Starting LSB: Set the CPU Frequency Scaling governor to "ondemand"...
[   13.869960] cloud-init[919]: The key's randomart image is:
[   13.885538] cloud-init[919]: +---[DSA 1024]----+         Starting LSB: daemon to balance interrupts for SMP systems...

[   13.909316] [cloud-init[0;32m  OK  [0m[919]: ] | .ooo+.+oo .     |Started LSB: Record successful boot for GRUB.

[   13.910127] [[0;32m  OK  [0m] Started LXD - container startup/shutdown.
[[0;32m  OK  [0m] Started Permit User Sessions.
[[0;32m  OK  [0m] Started Login Service.
cloud-init[919]: | . o+oBo..+ .    |
[   13.933857] cloud-init[919]: |. o.+O+=+o o     |
[   13.936061] cloud-init[919]: | . o* *+++o      |
[   13.952766] [[0;32m  OK  [0m] Started Virtualbox guest utils.
cloud-init[919]: |   . . +S+ .     |
         Starting Authenticate and Authorize Users to Run Privileged Tasks...
         Starting Terminate Plymouth Boot Screen...
[   13.971042]          cloud-initStarting Hold until boot process finishes up...[919]: 
|      o + o      |
[   14.040277] [cloud-init[0;32m  OK  [0m[919]: ] |       * .       |Started LSB: automatic crash report generation.

[[0;32m  OK  [0m] Started LSB: Set the CPU Frequency Scaling governor to "ondemand".
[[0;32m  OK  [0m] Started LSB: daemon to balance interrupts for SMP systems.
[   14.041209] cloud-init[919]: |      ..o .      |
[   14.136183] [cloud-init[0;32m  OK  [0m[919]: ] |      Eo..       |Started Terminate Plymouth Boot Screen.

[[0;32m  OK  [0m] Started Hold until boot process finishes up.
[[0;32m  OK  [0m] Started Snappy daemon.
[   14.176984] cloud-init[919]: +----[SHA256]-----+
[   14.220731] [cloud-init[0;32m  OK  [0m[919]: ] Generating public/private ecdsa key pair.Started Authenticate and Authorize Users to Run Privileged Tasks.

[[0;32m  OK  [0m] Started Accounts Service.
[   14.295976] cloud-init[919]: Your identification has been saved in /etc/ssh/ssh_host_ecdsa_key.
[   14.356695]          cloud-initStarting Wait until snapd is fully seeded...[919]: 
Your public key has been saved in /etc/ssh/ssh_host_ecdsa_key.pub.
[   14.412854]          cloud-initStarting Set console scheme...[919]: 
The key fingerprint is:
[   14.441063] [cloud-init[0;32m  OK  [0m[919]: ] SHA256:onyMl/lmHFJSYR3JgGpNSSbIxNVP4qFVNGaOIILG9CQ root@ubuntu-xenialStarted Getty on tty1.

[[0;32m  OK  [0m] Started Serial Getty on ttyS0.
[[0;32m  OK  [0m] Reached target Login Prompts.
[[0;32m  OK  [0m] Started Set console scheme.
[   14.485920] cloud-init[919]: The key's randomart image is:
[   14.572709] cloud-init[919]: +---[ECDSA 256]---+
[   14.578480] cloud-init[919]: |=Eo++oo=X=.o     |
[   14.584789] cloud-init[919]: |.+B. +O*o.+      |
[   14.589455] cloud-init[919]: |.  . B.*.        |
[   14.592387] cloud-init[919]: |    + + o        |
[   14.596293] cloud-init[919]: |   .  .oS        |
[   14.599546] cloud-init[919]: |   . +.+.        |
[   14.602925] cloud-init[919]: |    + *o .       |
[   14.677464] cloud-init[919]: |     o .+        |
[   14.680150] cloud-init[919]: |       o.        |
[   14.683013] cloud-init[919]: +----[SHA256]-----+
[   14.685082] cloud-init[919]: Generating public/private ed25519 key pair.
[   14.687447] cloud-init[919]: Your identification has been saved in /etc/ssh/ssh_host_ed25519_key.
[   14.690178] cloud-init[919]: Your public key has been saved in /etc/ssh/ssh_host_ed25519_key.pub.
[   14.713977] cloud-init[919]: The key fingerprint is:
[   14.744422] cloud-init[919]: SHA256:hojqFAefy39xD8a97ecemzyrjwQLoYd+izejXrImszM root@ubuntu-xenial
[   14.747891] cloud-init[919]: The key's randomart image is:
[   14.748587] cloud-init[919]: +--[ED25519 256]--+
[   14.750454] cloud-init[919]: |                 |
[[0;32m  OK  [0m] Started Pollinate to seed the pseudo random number generator.
[   14.751984] cloud-init[919]: |                 |
[   14.759320] cloud-init[919]: | .       .       |
[   14.768732] cloud-init[919]: |  o... .o .      |
         Starting OpenBSD Secure Shell server...
[   14.774882] cloud-init[919]: | ..+. .oSo..     |
[   14.784374] [[0;32m  OK  [0m] Started OpenBSD Secure Shell server.
cloud-init[919]: | .+ . .o.=..o    |
[   14.788487] cloud-init[919]: |.. o   o+oo.o. . |
[   14.791026] cloud-init[919]: |o   .E o*+.o..oo+|
[   14.795912] cloud-init[919]: | .   oX=o.o .+*Oo|
[   14.798513] cloud-init[919]: +----[SHA256]-----+
[[0;32m  OK  [0m] Created slice User Slice of vagrant.
         Starting User Manager for UID 1000...
[[0;32m  OK  [0m] Started User Manager for UID 1000.
[[0;32m  OK  [0m] Started Session 1 of user vagrant.
         Stopping User Manager for UID 1000...
[[0;32m  OK  [0m] Stopped User Manager for UID 1000.
[[0;32m  OK  [0m] Removed slice User Slice of vagrant.
[[0;32m  OK  [0m] Created slice User Slice of vagrant.
         Starting User Manager for UID 1000...
[[0;32m  OK  [0m] Started User Manager for UID 1000.
[[0;32m  OK  [0m] Started Session 2 of user vagrant.
[[0;32m  OK  [0m] Started Wait until snapd is fully seeded.
[[0;32m  OK  [0m] Reached target Multi-User System.
[[0;32m  OK  [0m] Reached target Graphical Interface.
         Starting Update UTMP about System Runlevel Changes...
         Starting Apply the settings specified in cloud-config...
[[0;32m  OK  [0m] Started Update UTMP about System Runlevel Changes.
[   17.222968] cloud-init[1496]: Generating locales (this might take a while)...
[   18.076132] cloud-init[1496]:   en_US.UTF-8... done
[   18.088626] cloud-init[1496]: Generation complete.
[   18.342748] cloud-init[1496]: Cloud-init v. 18.3-9-g2e62cb8a-0ubuntu1~16.04.2 running 'modules:config' at Sun, 16 Sep 2018 05:01:40 +0000. Up 17.12 seconds.
[[0;32m  OK  [0m] Started Apply the settings specified in cloud-config.
         Starting Execute cloud user/final scripts...
ci-info: no authorized ssh keys fingerprints found for user ubuntu.
<14>Sep 16 05:01:41 ec2: 
<14>Sep 16 05:01:41 ec2: #############################################################
<14>Sep 16 05:01:41 ec2: -----BEGIN SSH HOST KEY FINGERPRINTS-----
<14>Sep 16 05:01:41 ec2: 1024 SHA256:sTCJxiId1G1q/6TVsBKJydUBvxQoMdyzPMdNh7zroo8 root@ubuntu-xenial (DSA)
<14>Sep 16 05:01:41 ec2: 256 SHA256:onyMl/lmHFJSYR3JgGpNSSbIxNVP4qFVNGaOIILG9CQ root@ubuntu-xenial (ECDSA)
<14>Sep 16 05:01:41 ec2: 256 SHA256:hojqFAefy39xD8a97ecemzyrjwQLoYd+izejXrImszM root@ubuntu-xenial (ED25519)
<14>Sep 16 05:01:41 ec2: 2048 SHA256:LhYTnos2D656oAa0c6j2tuyUVCEhHXhpS4Xkugn1/54 root@ubuntu-xenial (RSA)
<14>Sep 16 05:01:41 ec2: -----END SSH HOST KEY FINGERPRINTS-----
<14>Sep 16 05:01:41 ec2: #############################################################
-----BEGIN SSH HOST KEY KEYS-----
ecdsa-sha2-nistp256 AAAAE2VjZHNhLXNoYTItbmlzdHAyNTYAAAAIbmlzdHAyNTYAAABBBHEsrYc2Fsuqkhh6ELzFWtqhgliTGzxFSnEysm/4TyO8PlLzDubKlmOuVJrdvDWyOd6lcdV46SHyyEGSDvnQY1w= root@ubuntu-xenial
ssh-ed25519 AAAAC3NzaC1lZDI1NTE5AAAAIAS7ZBYppuY6/JOuFJnffTWTB0bO3QC1XkMeMm+RSy42 root@ubuntu-xenial
ssh-rsa AAAAB3NzaC1yc2EAAAADAQABAAABAQDrlo+uag5tpnBXI2QRg2wbOsXtWk+re6oKXoSKLnYj7FnK2MCj/sNCR4o0zo+Z3b20TSnOUnNOHuyzY5R4DibWZJqIEEzLXH4xfondCiPT988LTn8E/V8nbZmjhS3KGeSa+G4meB5OqTT0iPMsyVzHQcrGBN/a2Z5ODjnmK07vXeyVxrIvsmaP+BjyPUp+HobD181nQ6XYEz6bis8LLJjw7RWs/vxRA4gIoUjymbiN9+FlnKVHWWPjEOijpa61zDG+pcGwpOjvhIpyCHLoPxPnMapLtG9+8BxRLvd2/oLFfa6/JGeRJiDn/8tbcuI4hwbXB78Dvh/28Hm12Pk9/tMh root@ubuntu-xenial
-----END SSH HOST KEY KEYS-----
[   18.825157] cloud-init[1588]: Cloud-init v. 18.3-9-g2e62cb8a-0ubuntu1~16.04.2 running 'modules:final' at Sun, 16 Sep 2018 05:01:41 +0000. Up 18.62 seconds.
[   18.831803] cloud-init[1588]: ci-info: no authorized ssh keys fingerprints found for user ubuntu.
[   18.838275] cloud-init[1588]: Cloud-init v. 18.3-9-g2e62cb8a-0ubuntu1~16.04.2 finished at Sun, 16 Sep 2018 05:01:41 +0000. Datasource DataSourceNoCloud [seed=/dev/sdb][dsmode=net].  Up 18.81 seconds
[[0;32m  OK  [0m] Started Execute cloud user/final scripts.
[[0;32m  OK  [0m] Reached target Cloud-init target.

Ubuntu 16.04.5 LTS ubuntu-xenial ttyS0

ubuntu-xenial login: 